# JRE version: Java(TM) SE Runtime Environment (8.0_31-b13) (build 1.8.0_31-b13)
# Java VM: Java HotSpot(TM) 64-Bit Server VM (25.31-b07 mixed mode linux-amd64 compressed oops)
Heap:
 PSYoungGen      total 276480K, used 105505K [0x00000000d6780000, 0x00000000f3b00000, 0x0000000100000000)
  eden space 262144K, 40% used [0x00000000d6780000,0x00000000dce88400,0x00000000e6780000)
  from space 14336K, 0% used [0x00000000e6780000,0x00000000e6780000,0x00000000e7580000)
  to   space 18944K, 0% used [0x00000000f2880000,0x00000000f2880000,0x00000000f3b00000)
 ParOldGen       total 107008K, used 32561K [0x0000000083600000, 0x0000000089e80000, 0x00000000d6780000)
  object space 107008K, 30% used [0x0000000083600000,0x00000000855cc7b0,0x0000000089e80000)
 Metaspace       used 41836K, capacity 42578K, committed 43008K, reserved 1087488K
  class space    used 5281K, capacity 5557K, committed 5632K, reserved 1048576K
GC Heap History (10 events):
Event: 5.065 GC heap before
{Heap before GC invocations=5 (full 0):
 PSYoungGen      total 136192K, used 136192K [0x00000000d6780000, 0x00000000df180000, 0x0000000100000000)
  eden space 131072K, 100% used [0x00000000d6780000,0x00000000de780000,0x00000000de780000)
  from space 5120K, 100% used [0x00000000dec80000,0x00000000df180000,0x00000000df180000)
  to   space 5120K, 0% used [0x00000000de780000,0x00000000de780000,0x00000000dec80000)
 ParOldGen       total 86016K, used 10999K [0x0000000083600000, 0x0000000088a00000, 0x00000000d6780000)
  object space 86016K, 12% used [0x0000000083600000,0x00000000840bde08,0x0000000088a00000)
 Metaspace       used 19556K, capacity 20096K, committed 20480K, reserved 1067008K
  class space    used 2495K, capacity 2700K, committed 2816K, reserved 1048576K
Event: 5.079 GC heap after
Heap after GC invocations=5 (full 0):
 PSYoungGen      total 136192K, used 5088K [0x00000000d6780000, 0x00000000e8480000, 0x0000000100000000)
  eden space 131072K, 0% used [0x00000000d6780000,0x00000000d6780000,0x00000000de780000)
  from space 5120K, 99% used [0x00000000de780000,0x00000000dec78020,0x00000000dec80000)
  to   space 14848K, 0% used [0x00000000e7600000,0x00000000e7600000,0x00000000e8480000)
 ParOldGen       total 86016K, used 18663K [0x0000000083600000, 0x0000000088a00000, 0x00000000d6780000)
  object space 86016K, 21% used [0x0000000083600000,0x0000000084839f80,0x0000000088a00000)
 Metaspace       used 19556K, capacity 20096K, committed 20480K, reserved 1067008K
  class space    used 2495K, capacity 2700K, committed 2816K, reserved 1048576K
}
Event: 5.165 GC heap before
{Heap before GC invocations=6 (full 0):
 PSYoungGen      total 136192K, used 14761K [0x00000000d6780000, 0x00000000e8480000, 0x0000000100000000)
  eden space 131072K, 7% used [0x00000000d6780000,0x00000000d70f23f0,0x00000000de780000)
  from space 5120K, 99% used [0x00000000de780000,0x00000000dec78020,0x00000000dec80000)
  to   space 14848K, 0% used [0x00000000e7600000,0x00000000e7600000,0x00000000e8480000)
 ParOldGen       total 86016K, used 18663K [0x0000000083600000, 0x0000000088a00000, 0x00000000d6780000)
  object space 86016K, 21% used [0x0000000083600000,0x0000000084839f80,0x0000000088a00000)
 Metaspace       used 20597K, capacity 21112K, committed 21296K, reserved 1067008K
  class space    used 2642K, capacity 2864K, committed 2944K, reserved 1048576K
Event: 5.172 GC heap after
Heap after GC invocations=6 (full 0):
 PSYoungGen      total 275968K, used 6231K [0x00000000d6780000, 0x00000000e8380000, 0x0000000100000000)
  eden space 262144K, 0% used [0x00000000d6780000,0x00000000d6780000,0x00000000e6780000)
  from space 13824K, 45% used [0x00000000e7600000,0x00000000e7c15f58,0x00000000e8380000)
  to   space 14336K, 0% used [0x00000000e6780000,0x00000000e6780000,0x00000000e7580000)
 ParOldGen       total 86016K, used 18663K [0x0000000083600000, 0x0000000088a00000, 0x00000000d6780000)
  object space 86016K, 21% used [0x0000000083600000,0x0000000084839f80,0x0000000088a00000)
 Metaspace       used 20597K, capacity 21112K, committed 21296K, reserved 1067008K
  class space    used 2642K, capacity 2864K, committed 2944K, reserved 1048576K
}
Event: 5.172 GC heap before
{Heap before GC invocations=7 (full 1):
 PSYoungGen      total 275968K, used 6231K [0x00000000d6780000, 0x00000000e8380000, 0x0000000100000000)
  eden space 262144K, 0% used [0x00000000d6780000,0x00000000d6780000,0x00000000e6780000)
  from space 13824K, 45% used [0x00000000e7600000,0x00000000e7c15f58,0x00000000e8380000)
  to   space 14336K, 0% used [0x00000000e6780000,0x00000000e6780000,0x00000000e7580000)
 ParOldGen       total 86016K, used 18663K [0x0000000083600000, 0x0000000088a00000, 0x00000000d6780000)
  object space 86016K, 21% used [0x0000000083600000,0x0000000084839f80,0x0000000088a00000)
 Metaspace       used 20597K, capacity 21112K, committed 21296K, reserved 1067008K
  class space    used 2642K, capacity 2864K, committed 2944K, reserved 1048576K
Event: 5.231 GC heap after
Heap after GC invocations=7 (full 1):
 PSYoungGen      total 275968K, used 0K [0x00000000d6780000, 0x00000000e8380000, 0x0000000100000000)
  eden space 262144K, 0% used [0x00000000d6780000,0x00000000d6780000,0x00000000e6780000)
  from space 13824K, 0% used [0x00000000e7600000,0x00000000e7600000,0x00000000e8380000)
  to   space 14336K, 0% used [0x00000000e6780000,0x00000000e6780000,0x00000000e7580000)
 ParOldGen       total 66048K, used 15004K [0x0000000083600000, 0x0000000087680000, 0x00000000d6780000)
  object space 66048K, 22% used [0x0000000083600000,0x00000000844a70d0,0x0000000087680000)
 Metaspace       used 20597K, capacity 21112K, committed 21296K, reserved 1067008K
  class space    used 2642K, capacity 2864K, committed 2944K, reserved 1048576K
}
Event: 6.700 GC heap before
{Heap before GC invocations=8 (full 1):
 PSYoungGen      total 275968K, used 183889K [0x00000000d6780000, 0x00000000e8380000, 0x0000000100000000)
  eden space 262144K, 70% used [0x00000000d6780000,0x00000000e1b147e8,0x00000000e6780000)
  from space 13824K, 0% used [0x00000000e7600000,0x00000000e7600000,0x00000000e8380000)
  to   space 14336K, 0% used [0x00000000e6780000,0x00000000e6780000,0x00000000e7580000)
 ParOldGen       total 66048K, used 15004K [0x0000000083600000, 0x0000000087680000, 0x00000000d6780000)
  object space 66048K, 22% used [0x0000000083600000,0x00000000844a70d0,0x0000000087680000)
 Metaspace       used 34559K, capacity 35256K, committed 35496K, reserved 1081344K
  class space    used 4387K, capacity 4598K, committed 4608K, reserved 1048576K
Event: 6.710 GC heap after
Heap after GC invocations=8 (full 1):
 PSYoungGen      total 276480K, used 14330K [0x00000000d6780000, 0x00000000f3b00000, 0x0000000100000000)
  eden space 262144K, 0% used [0x00000000d6780000,0x00000000d6780000,0x00000000e6780000)
  from space 14336K, 99% used [0x00000000e6780000,0x00000000e757e950,0x00000000e7580000)
  to   space 18944K, 0% used [0x00000000f2880000,0x00000000f2880000,0x00000000f3b00000)
 ParOldGen       total 66048K, used 20048K [0x0000000083600000, 0x0000000087680000, 0x00000000d6780000)
  object space 66048K, 30% used [0x0000000083600000,0x00000000849943d0,0x0000000087680000)
 Metaspace       used 34559K, capacity 35256K, committed 35496K, reserved 1081344K
  class space    used 4387K, capacity 4598K, committed 4608K, reserved 1048576K
}
Event: 6.710 GC heap before
{Heap before GC invocations=9 (full 2):
 PSYoungGen      total 276480K, used 14330K [0x00000000d6780000, 0x00000000f3b00000, 0x0000000100000000)
  eden space 262144K, 0% used [0x00000000d6780000,0x00000000d6780000,0x00000000e6780000)
  from space 14336K, 99% used [0x00000000e6780000,0x00000000e757e950,0x00000000e7580000)
  to   space 18944K, 0% used [0x00000000f2880000,0x00000000f2880000,0x00000000f3b00000)
 ParOldGen       total 66048K, used 20048K [0x0000000083600000, 0x0000000087680000, 0x00000000d6780000)
  object space 66048K, 30% used [0x0000000083600000,0x00000000849943d0,0x0000000087680000)
 Metaspace       used 34559K, capacity 35256K, committed 35496K, reserved 1081344K
  class space    used 4387K, capacity 4598K, committed 4608K, reserved 1048576K
Event: 6.786 GC heap after
Heap after GC invocations=9 (full 2):
 PSYoungGen      total 276480K, used 0K [0x00000000d6780000, 0x00000000f3b00000, 0x0000000100000000)
  eden space 262144K, 0% used [0x00000000d6780000,0x00000000d6780000,0x00000000e6780000)
  from space 14336K, 0% used [0x00000000e6780000,0x00000000e6780000,0x00000000e7580000)
  to   space 18944K, 0% used [0x00000000f2880000,0x00000000f2880000,0x00000000f3b00000)
 ParOldGen       total 107008K, used 32561K [0x0000000083600000, 0x0000000089e80000, 0x00000000d6780000)
  object space 107008K, 30% used [0x0000000083600000,0x00000000855cc7b0,0x0000000089e80000)
 Metaspace       used 34559K, capacity 35256K, committed 35496K, reserved 1081344K
  class space    used 4387K, capacity 4598K, committed 4608K, reserved 1048576K
}

