# JRE version: Java(TM) SE Runtime Environment (8.0_31-b13) (build 1.8.0_31-b13)
# Java VM: Java HotSpot(TM) 64-Bit Server VM (25.31-b07 mixed mode linux-amd64 compressed oops)
Heap:
 PSYoungGen      total 276992K, used 106039K [0x00000000d6780000, 0x00000000f6380000, 0x0000000100000000)
  eden space 262144K, 40% used [0x00000000d6780000,0x00000000dcf0dc50,0x00000000e6780000)
  from space 14848K, 0% used [0x00000000e6780000,0x00000000e6780000,0x00000000e7600000)
  to   space 19456K, 0% used [0x00000000f5080000,0x00000000f5080000,0x00000000f6380000)
 ParOldGen       total 94720K, used 32808K [0x0000000083600000, 0x0000000089280000, 0x00000000d6780000)
  object space 94720K, 34% used [0x0000000083600000,0x000000008560a0e0,0x0000000089280000)
 Metaspace       used 41834K, capacity 42458K, committed 42928K, reserved 1087488K
  class space    used 5276K, capacity 5517K, committed 5552K, reserved 1048576K
GC Heap History (10 events):
Event: 5.154 GC heap before
{Heap before GC invocations=5 (full 0):
 PSYoungGen      total 136192K, used 136160K [0x00000000d6780000, 0x00000000df180000, 0x0000000100000000)
  eden space 131072K, 100% used [0x00000000d6780000,0x00000000de780000,0x00000000de780000)
  from space 5120K, 99% used [0x00000000dec80000,0x00000000df178020,0x00000000df180000)
  to   space 5120K, 0% used [0x00000000de780000,0x00000000de780000,0x00000000dec80000)
 ParOldGen       total 86016K, used 10966K [0x0000000083600000, 0x0000000088a00000, 0x00000000d6780000)
  object space 86016K, 12% used [0x0000000083600000,0x00000000840b5ac0,0x0000000088a00000)
 Metaspace       used 20113K, capacity 20652K, committed 20992K, reserved 1067008K
  class space    used 2569K, capacity 2734K, committed 2816K, reserved 1048576K
Event: 5.168 GC heap after
Heap after GC invocations=5 (full 0):
 PSYoungGen      total 136192K, used 5120K [0x00000000d6780000, 0x00000000e8480000, 0x0000000100000000)
  eden space 131072K, 0% used [0x00000000d6780000,0x00000000d6780000,0x00000000de780000)
  from space 5120K, 100% used [0x00000000de780000,0x00000000dec80000,0x00000000dec80000)
  to   space 14848K, 0% used [0x00000000e7600000,0x00000000e7600000,0x00000000e8480000)
 ParOldGen       total 86016K, used 19041K [0x0000000083600000, 0x0000000088a00000, 0x00000000d6780000)
  object space 86016K, 22% used [0x0000000083600000,0x00000000848984f8,0x0000000088a00000)
 Metaspace       used 20113K, capacity 20652K, committed 20992K, reserved 1067008K
  class space    used 2569K, capacity 2734K, committed 2816K, reserved 1048576K
}
Event: 5.213 GC heap before
{Heap before GC invocations=6 (full 0):
 PSYoungGen      total 136192K, used 10819K [0x00000000d6780000, 0x00000000e8480000, 0x0000000100000000)
  eden space 131072K, 4% used [0x00000000d6780000,0x00000000d6d10d58,0x00000000de780000)
  from space 5120K, 100% used [0x00000000de780000,0x00000000dec80000,0x00000000dec80000)
  to   space 14848K, 0% used [0x00000000e7600000,0x00000000e7600000,0x00000000e8480000)
 ParOldGen       total 86016K, used 19041K [0x0000000083600000, 0x0000000088a00000, 0x00000000d6780000)
  object space 86016K, 22% used [0x0000000083600000,0x00000000848984f8,0x0000000088a00000)
 Metaspace       used 20669K, capacity 21144K, committed 21296K, reserved 1067008K
  class space    used 2651K, capacity 2832K, committed 2864K, reserved 1048576K
Event: 5.226 GC heap after
Heap after GC invocations=6 (full 0):
 PSYoungGen      total 276992K, used 5729K [0x00000000d6780000, 0x00000000e8480000, 0x0000000100000000)
  eden space 262144K, 0% used [0x00000000d6780000,0x00000000d6780000,0x00000000e6780000)
  from space 14848K, 38% used [0x00000000e7600000,0x00000000e7b98478,0x00000000e8480000)
  to   space 14848K, 0% used [0x00000000e6780000,0x00000000e6780000,0x00000000e7600000)
 ParOldGen       total 86016K, used 19041K [0x0000000083600000, 0x0000000088a00000, 0x00000000d6780000)
  object space 86016K, 22% used [0x0000000083600000,0x00000000848984f8,0x0000000088a00000)
 Metaspace       used 20669K, capacity 21144K, committed 21296K, reserved 1067008K
  class space    used 2651K, capacity 2832K, committed 2864K, reserved 1048576K
}
Event: 5.226 GC heap before
{Heap before GC invocations=7 (full 1):
 PSYoungGen      total 276992K, used 5729K [0x00000000d6780000, 0x00000000e8480000, 0x0000000100000000)
  eden space 262144K, 0% used [0x00000000d6780000,0x00000000d6780000,0x00000000e6780000)
  from space 14848K, 38% used [0x00000000e7600000,0x00000000e7b98478,0x00000000e8480000)
  to   space 14848K, 0% used [0x00000000e6780000,0x00000000e6780000,0x00000000e7600000)
 ParOldGen       total 86016K, used 19041K [0x0000000083600000, 0x0000000088a00000, 0x00000000d6780000)
  object space 86016K, 22% used [0x0000000083600000,0x00000000848984f8,0x0000000088a00000)
 Metaspace       used 20669K, capacity 21144K, committed 21296K, reserved 1067008K
  class space    used 2651K, capacity 2832K, committed 2864K, reserved 1048576K
Event: 5.282 GC heap after
Heap after GC invocations=7 (full 1):
 PSYoungGen      total 276992K, used 0K [0x00000000d6780000, 0x00000000e8480000, 0x0000000100000000)
  eden space 262144K, 0% used [0x00000000d6780000,0x00000000d6780000,0x00000000e6780000)
  from space 14848K, 0% used [0x00000000e7600000,0x00000000e7600000,0x00000000e8480000)
  to   space 14848K, 0% used [0x00000000e6780000,0x00000000e6780000,0x00000000e7600000)
 ParOldGen       total 60928K, used 14664K [0x0000000083600000, 0x0000000087180000, 0x00000000d6780000)
  object space 60928K, 24% used [0x0000000083600000,0x0000000084452198,0x0000000087180000)
 Metaspace       used 20669K, capacity 21144K, committed 21296K, reserved 1067008K
  class space    used 2651K, capacity 2832K, committed 2864K, reserved 1048576K
}
Event: 6.652 GC heap before
{Heap before GC invocations=8 (full 1):
 PSYoungGen      total 276992K, used 183036K [0x00000000d6780000, 0x00000000e8480000, 0x0000000100000000)
  eden space 262144K, 69% used [0x00000000d6780000,0x00000000e1a3f0a8,0x00000000e6780000)
  from space 14848K, 0% used [0x00000000e7600000,0x00000000e7600000,0x00000000e8480000)
  to   space 14848K, 0% used [0x00000000e6780000,0x00000000e6780000,0x00000000e7600000)
 ParOldGen       total 60928K, used 14664K [0x0000000083600000, 0x0000000087180000, 0x00000000d6780000)
  object space 60928K, 24% used [0x0000000083600000,0x0000000084452198,0x0000000087180000)
 Metaspace       used 34630K, capacity 35172K, committed 35496K, reserved 1081344K
  class space    used 4391K, capacity 4594K, committed 4656K, reserved 1048576K
Event: 6.664 GC heap after
Heap after GC invocations=8 (full 1):
 PSYoungGen      total 276992K, used 14821K [0x00000000d6780000, 0x00000000f6380000, 0x0000000100000000)
  eden space 262144K, 0% used [0x00000000d6780000,0x00000000d6780000,0x00000000e6780000)
  from space 14848K, 99% used [0x00000000e6780000,0x00000000e75f9798,0x00000000e7600000)
  to   space 19456K, 0% used [0x00000000f5080000,0x00000000f5080000,0x00000000f6380000)
 ParOldGen       total 60928K, used 19385K [0x0000000083600000, 0x0000000087180000, 0x00000000d6780000)
  object space 60928K, 31% used [0x0000000083600000,0x00000000848ee648,0x0000000087180000)
 Metaspace       used 34630K, capacity 35172K, committed 35496K, reserved 1081344K
  class space    used 4391K, capacity 4594K, committed 4656K, reserved 1048576K
}
Event: 6.664 GC heap before
{Heap before GC invocations=9 (full 2):
 PSYoungGen      total 276992K, used 14821K [0x00000000d6780000, 0x00000000f6380000, 0x0000000100000000)
  eden space 262144K, 0% used [0x00000000d6780000,0x00000000d6780000,0x00000000e6780000)
  from space 14848K, 99% used [0x00000000e6780000,0x00000000e75f9798,0x00000000e7600000)
  to   space 19456K, 0% used [0x00000000f5080000,0x00000000f5080000,0x00000000f6380000)
 ParOldGen       total 60928K, used 19385K [0x0000000083600000, 0x0000000087180000, 0x00000000d6780000)
  object space 60928K, 31% used [0x0000000083600000,0x00000000848ee648,0x0000000087180000)
 Metaspace       used 34630K, capacity 35172K, committed 35496K, reserved 1081344K
  class space    used 4391K, capacity 4594K, committed 4656K, reserved 1048576K
Event: 6.757 GC heap after
Heap after GC invocations=9 (full 2):
 PSYoungGen      total 276992K, used 0K [0x00000000d6780000, 0x00000000f6380000, 0x0000000100000000)
  eden space 262144K, 0% used [0x00000000d6780000,0x00000000d6780000,0x00000000e6780000)
  from space 14848K, 0% used [0x00000000e6780000,0x00000000e6780000,0x00000000e7600000)
  to   space 19456K, 0% used [0x00000000f5080000,0x00000000f5080000,0x00000000f6380000)
 ParOldGen       total 94720K, used 32808K [0x0000000083600000, 0x0000000089280000, 0x00000000d6780000)
  object space 94720K, 34% used [0x0000000083600000,0x000000008560a0e0,0x0000000089280000)
 Metaspace       used 34630K, capacity 35172K, committed 35496K, reserved 1081344K
  class space    used 4391K, capacity 4594K, committed 4656K, reserved 1048576K
}

