# JRE version: Java(TM) SE Runtime Environment (8.0_31-b13) (build 1.8.0_31-b13)
# Java VM: Java HotSpot(TM) 64-Bit Server VM (25.31-b07 mixed mode linux-amd64 compressed oops)
Heap:
 PSYoungGen      total 248320K, used 104131K [0x00000000d6780000, 0x00000000e7700000, 0x0000000100000000)
  eden space 236032K, 44% used [0x00000000d6780000,0x00000000dcd30f00,0x00000000e4e00000)
  from space 12288K, 0% used [0x00000000e6380000,0x00000000e6380000,0x00000000e6f80000)
  to   space 7680K, 0% used [0x00000000e6f80000,0x00000000e6f80000,0x00000000e7700000)
 ParOldGen       total 125952K, used 25765K [0x0000000083600000, 0x000000008b100000, 0x00000000d6780000)
  object space 125952K, 20% used [0x0000000083600000,0x0000000084f29480,0x000000008b100000)
 Metaspace       used 41706K, capacity 42394K, committed 42672K, reserved 1087488K
  class space    used 5254K, capacity 5517K, committed 5552K, reserved 1048576K
GC Heap History (10 events):
Event: 2.224 GC heap before
{Heap before GC invocations=5 (full 0):
 PSYoungGen      total 136192K, used 133577K [0x00000000d6780000, 0x00000000df180000, 0x0000000100000000)
  eden space 131072K, 98% used [0x00000000d6780000,0x00000000de4fa5e8,0x00000000de780000)
  from space 5120K, 99% used [0x00000000dec80000,0x00000000df178020,0x00000000df180000)
  to   space 5120K, 0% used [0x00000000de780000,0x00000000de780000,0x00000000dec80000)
 ParOldGen       total 86016K, used 11022K [0x0000000083600000, 0x0000000088a00000, 0x00000000d6780000)
  object space 86016K, 12% used [0x0000000083600000,0x00000000840c3be8,0x0000000088a00000)
 Metaspace       used 20644K, capacity 21144K, committed 21296K, reserved 1067008K
  class space    used 2642K, capacity 2832K, committed 2864K, reserved 1048576K
Event: 2.245 GC heap after
Heap after GC invocations=5 (full 0):
 PSYoungGen      total 136192K, used 5104K [0x00000000d6780000, 0x00000000e8580000, 0x0000000100000000)
  eden space 131072K, 0% used [0x00000000d6780000,0x00000000d6780000,0x00000000de780000)
  from space 5120K, 99% used [0x00000000de780000,0x00000000dec7c010,0x00000000dec80000)
  to   space 15360K, 0% used [0x00000000e7680000,0x00000000e7680000,0x00000000e8580000)
 ParOldGen       total 86016K, used 19704K [0x0000000083600000, 0x0000000088a00000, 0x00000000d6780000)
  object space 86016K, 22% used [0x0000000083600000,0x000000008493e370,0x0000000088a00000)
 Metaspace       used 20644K, capacity 21144K, committed 21296K, reserved 1067008K
  class space    used 2642K, capacity 2832K, committed 2864K, reserved 1048576K
}
Event: 2.245 GC heap before
{Heap before GC invocations=6 (full 1):
 PSYoungGen      total 136192K, used 5104K [0x00000000d6780000, 0x00000000e8580000, 0x0000000100000000)
  eden space 131072K, 0% used [0x00000000d6780000,0x00000000d6780000,0x00000000de780000)
  from space 5120K, 99% used [0x00000000de780000,0x00000000dec7c010,0x00000000dec80000)
  to   space 15360K, 0% used [0x00000000e7680000,0x00000000e7680000,0x00000000e8580000)
 ParOldGen       total 86016K, used 19704K [0x0000000083600000, 0x0000000088a00000, 0x00000000d6780000)
  object space 86016K, 22% used [0x0000000083600000,0x000000008493e370,0x0000000088a00000)
 Metaspace       used 20644K, capacity 21144K, committed 21296K, reserved 1067008K
  class space    used 2642K, capacity 2832K, committed 2864K, reserved 1048576K
Event: 2.325 GC heap after
Heap after GC invocations=6 (full 1):
 PSYoungGen      total 136192K, used 0K [0x00000000d6780000, 0x00000000e8580000, 0x0000000100000000)
  eden space 131072K, 0% used [0x00000000d6780000,0x00000000d6780000,0x00000000de780000)
  from space 5120K, 0% used [0x00000000de780000,0x00000000de780000,0x00000000dec80000)
  to   space 15360K, 0% used [0x00000000e7680000,0x00000000e7680000,0x00000000e8580000)
 ParOldGen       total 82432K, used 18429K [0x0000000083600000, 0x0000000088680000, 0x00000000d6780000)
  object space 82432K, 22% used [0x0000000083600000,0x00000000847ff600,0x0000000088680000)
 Metaspace       used 20644K, capacity 21144K, committed 21296K, reserved 1067008K
  class space    used 2642K, capacity 2832K, committed 2864K, reserved 1048576K
}
Event: 3.363 GC heap before
{Heap before GC invocations=7 (full 1):
 PSYoungGen      total 136192K, used 131072K [0x00000000d6780000, 0x00000000e8580000, 0x0000000100000000)
  eden space 131072K, 100% used [0x00000000d6780000,0x00000000de780000,0x00000000de780000)
  from space 5120K, 0% used [0x00000000de780000,0x00000000de780000,0x00000000dec80000)
  to   space 15360K, 0% used [0x00000000e7680000,0x00000000e7680000,0x00000000e8580000)
 ParOldGen       total 82432K, used 18429K [0x0000000083600000, 0x0000000088680000, 0x00000000d6780000)
  object space 82432K, 22% used [0x0000000083600000,0x00000000847ff600,0x0000000088680000)
 Metaspace       used 31082K, capacity 31710K, committed 32176K, reserved 1077248K
  class space    used 3927K, capacity 4145K, committed 4272K, reserved 1048576K
Event: 3.372 GC heap after
Heap after GC invocations=7 (full 1):
 PSYoungGen      total 187904K, used 11909K [0x00000000d6780000, 0x00000000e8280000, 0x0000000100000000)
  eden space 175616K, 0% used [0x00000000d6780000,0x00000000d6780000,0x00000000e1300000)
  from space 12288K, 96% used [0x00000000e7680000,0x00000000e82216b8,0x00000000e8280000)
  to   space 15872K, 0% used [0x00000000e6380000,0x00000000e6380000,0x00000000e7300000)
 ParOldGen       total 82432K, used 18501K [0x0000000083600000, 0x0000000088680000, 0x00000000d6780000)
  object space 82432K, 22% used [0x0000000083600000,0x0000000084811610,0x0000000088680000)
 Metaspace       used 31082K, capacity 31710K, committed 32176K, reserved 1077248K
  class space    used 3927K, capacity 4145K, committed 4272K, reserved 1048576K
}
Event: 3.751 GC heap before
{Heap before GC invocations=8 (full 1):
 PSYoungGen      total 187904K, used 60697K [0x00000000d6780000, 0x00000000e8280000, 0x0000000100000000)
  eden space 175616K, 27% used [0x00000000d6780000,0x00000000d9725120,0x00000000e1300000)
  from space 12288K, 96% used [0x00000000e7680000,0x00000000e82216b8,0x00000000e8280000)
  to   space 15872K, 0% used [0x00000000e6380000,0x00000000e6380000,0x00000000e7300000)
 ParOldGen       total 82432K, used 18501K [0x0000000083600000, 0x0000000088680000, 0x00000000d6780000)
  object space 82432K, 22% used [0x0000000083600000,0x0000000084811610,0x0000000088680000)
 Metaspace       used 34575K, capacity 35172K, committed 35496K, reserved 1081344K
  class space    used 4376K, capacity 4594K, committed 4656K, reserved 1048576K
Event: 3.759 GC heap after
Heap after GC invocations=8 (full 1):
 PSYoungGen      total 248320K, used 11987K [0x00000000d6780000, 0x00000000e7700000, 0x0000000100000000)
  eden space 236032K, 0% used [0x00000000d6780000,0x00000000d6780000,0x00000000e4e00000)
  from space 12288K, 97% used [0x00000000e6380000,0x00000000e6f34fd8,0x00000000e6f80000)
  to   space 7680K, 0% used [0x00000000e6f80000,0x00000000e6f80000,0x00000000e7700000)
 ParOldGen       total 82432K, used 18509K [0x0000000083600000, 0x0000000088680000, 0x00000000d6780000)
  object space 82432K, 22% used [0x0000000083600000,0x0000000084813610,0x0000000088680000)
 Metaspace       used 34575K, capacity 35172K, committed 35496K, reserved 1081344K
  class space    used 4376K, capacity 4594K, committed 4656K, reserved 1048576K
}
Event: 3.759 GC heap before
{Heap before GC invocations=9 (full 2):
 PSYoungGen      total 248320K, used 11987K [0x00000000d6780000, 0x00000000e7700000, 0x0000000100000000)
  eden space 236032K, 0% used [0x00000000d6780000,0x00000000d6780000,0x00000000e4e00000)
  from space 12288K, 97% used [0x00000000e6380000,0x00000000e6f34fd8,0x00000000e6f80000)
  to   space 7680K, 0% used [0x00000000e6f80000,0x00000000e6f80000,0x00000000e7700000)
 ParOldGen       total 82432K, used 18509K [0x0000000083600000, 0x0000000088680000, 0x00000000d6780000)
  object space 82432K, 22% used [0x0000000083600000,0x0000000084813610,0x0000000088680000)
 Metaspace       used 34575K, capacity 35172K, committed 35496K, reserved 1081344K
  class space    used 4376K, capacity 4594K, committed 4656K, reserved 1048576K
Event: 3.815 GC heap after
Heap after GC invocations=9 (full 2):
 PSYoungGen      total 248320K, used 0K [0x00000000d6780000, 0x00000000e7700000, 0x0000000100000000)
  eden space 236032K, 0% used [0x00000000d6780000,0x00000000d6780000,0x00000000e4e00000)
  from space 12288K, 0% used [0x00000000e6380000,0x00000000e6380000,0x00000000e6f80000)
  to   space 7680K, 0% used [0x00000000e6f80000,0x00000000e6f80000,0x00000000e7700000)
 ParOldGen       total 125952K, used 25765K [0x0000000083600000, 0x000000008b100000, 0x00000000d6780000)
  object space 125952K, 20% used [0x0000000083600000,0x0000000084f29480,0x000000008b100000)
 Metaspace       used 34575K, capacity 35172K, committed 35496K, reserved 1081344K
  class space    used 4376K, capacity 4594K, committed 4656K, reserved 1048576K
}

