# JRE version: Java(TM) SE Runtime Environment (8.0_31-b13) (build 1.8.0_31-b13)
# Java VM: Java HotSpot(TM) 64-Bit Server VM (25.31-b07 mixed mode linux-amd64 compressed oops)
Heap:
 PSYoungGen      total 272896K, used 125859K [0x00000000d6780000, 0x00000000ea480000, 0x0000000100000000)
  eden space 258560K, 48% used [0x00000000d6780000,0x00000000de268d98,0x00000000e6400000)
  from space 14336K, 0% used [0x00000000e6400000,0x00000000e6400000,0x00000000e7200000)
  to   space 14848K, 0% used [0x00000000e9600000,0x00000000e9600000,0x00000000ea480000)
 ParOldGen       total 102400K, used 25617K [0x0000000083600000, 0x0000000089a00000, 0x00000000d6780000)
  object space 102400K, 25% used [0x0000000083600000,0x0000000084f04688,0x0000000089a00000)
 Metaspace       used 42473K, capacity 43162K, committed 43568K, reserved 1087488K
  class space    used 5361K, capacity 5581K, committed 5680K, reserved 1048576K
GC Heap History (10 events):
Event: 5.511 GC heap before
{Heap before GC invocations=7 (full 0):
 PSYoungGen      total 140800K, used 70871K [0x00000000d6780000, 0x00000000dfb80000, 0x0000000100000000)
  eden space 131072K, 48% used [0x00000000d6780000,0x00000000da521f78,0x00000000de780000)
  from space 9728K, 79% used [0x00000000df200000,0x00000000df994010,0x00000000dfb80000)
  to   space 10240K, 0% used [0x00000000de780000,0x00000000de780000,0x00000000df180000)
 ParOldGen       total 86016K, used 11293K [0x0000000083600000, 0x0000000088a00000, 0x00000000d6780000)
  object space 86016K, 13% used [0x0000000083600000,0x00000000841077e8,0x0000000088a00000)
 Metaspace       used 20619K, capacity 21144K, committed 21296K, reserved 1067008K
  class space    used 2628K, capacity 2832K, committed 2864K, reserved 1048576K
Event: 5.522 GC heap after
Heap after GC invocations=7 (full 0):
 PSYoungGen      total 141312K, used 10214K [0x00000000d6780000, 0x00000000e8180000, 0x0000000100000000)
  eden space 131072K, 0% used [0x00000000d6780000,0x00000000d6780000,0x00000000de780000)
  from space 10240K, 99% used [0x00000000de780000,0x00000000df1799e0,0x00000000df180000)
  to   space 13312K, 0% used [0x00000000e7480000,0x00000000e7480000,0x00000000e8180000)
 ParOldGen       total 86016K, used 14573K [0x0000000083600000, 0x0000000088a00000, 0x00000000d6780000)
  object space 86016K, 16% used [0x0000000083600000,0x000000008443b788,0x0000000088a00000)
 Metaspace       used 20619K, capacity 21144K, committed 21296K, reserved 1067008K
  class space    used 2628K, capacity 2832K, committed 2864K, reserved 1048576K
}
Event: 5.522 GC heap before
{Heap before GC invocations=8 (full 1):
 PSYoungGen      total 141312K, used 10214K [0x00000000d6780000, 0x00000000e8180000, 0x0000000100000000)
  eden space 131072K, 0% used [0x00000000d6780000,0x00000000d6780000,0x00000000de780000)
  from space 10240K, 99% used [0x00000000de780000,0x00000000df1799e0,0x00000000df180000)
  to   space 13312K, 0% used [0x00000000e7480000,0x00000000e7480000,0x00000000e8180000)
 ParOldGen       total 86016K, used 14573K [0x0000000083600000, 0x0000000088a00000, 0x00000000d6780000)
  object space 86016K, 16% used [0x0000000083600000,0x000000008443b788,0x0000000088a00000)
 Metaspace       used 20619K, capacity 21144K, committed 21296K, reserved 1067008K
  class space    used 2628K, capacity 2832K, committed 2864K, reserved 1048576K
Event: 5.572 GC heap after
Heap after GC invocations=8 (full 1):
 PSYoungGen      total 141312K, used 0K [0x00000000d6780000, 0x00000000e8180000, 0x0000000100000000)
  eden space 131072K, 0% used [0x00000000d6780000,0x00000000d6780000,0x00000000de780000)
  from space 10240K, 0% used [0x00000000de780000,0x00000000de780000,0x00000000df180000)
  to   space 13312K, 0% used [0x00000000e7480000,0x00000000e7480000,0x00000000e8180000)
 ParOldGen       total 67584K, used 18004K [0x0000000083600000, 0x0000000087800000, 0x00000000d6780000)
  object space 67584K, 26% used [0x0000000083600000,0x0000000084795258,0x0000000087800000)
 Metaspace       used 20619K, capacity 21144K, committed 21296K, reserved 1067008K
  class space    used 2628K, capacity 2832K, committed 2864K, reserved 1048576K
}
Event: 6.790 GC heap before
{Heap before GC invocations=9 (full 1):
 PSYoungGen      total 141312K, used 131072K [0x00000000d6780000, 0x00000000e8180000, 0x0000000100000000)
  eden space 131072K, 100% used [0x00000000d6780000,0x00000000de780000,0x00000000de780000)
  from space 10240K, 0% used [0x00000000de780000,0x00000000de780000,0x00000000df180000)
  to   space 13312K, 0% used [0x00000000e7480000,0x00000000e7480000,0x00000000e8180000)
 ParOldGen       total 67584K, used 18004K [0x0000000083600000, 0x0000000087800000, 0x00000000d6780000)
  object space 67584K, 26% used [0x0000000083600000,0x0000000084795258,0x0000000087800000)
 Metaspace       used 31245K, capacity 31928K, committed 32432K, reserved 1077248K
  class space    used 3945K, capacity 4176K, committed 4272K, reserved 1048576K
Event: 6.797 GC heap after
Heap after GC invocations=9 (full 1):
 PSYoungGen      total 223744K, used 11703K [0x00000000d6780000, 0x00000000e8000000, 0x0000000100000000)
  eden space 211968K, 0% used [0x00000000d6780000,0x00000000d6780000,0x00000000e3680000)
  from space 11776K, 99% used [0x00000000e7480000,0x00000000e7fedf60,0x00000000e8000000)
  to   space 14336K, 0% used [0x00000000e6400000,0x00000000e6400000,0x00000000e7200000)
 ParOldGen       total 67584K, used 18076K [0x0000000083600000, 0x0000000087800000, 0x00000000d6780000)
  object space 67584K, 26% used [0x0000000083600000,0x00000000847a7268,0x0000000087800000)
 Metaspace       used 31245K, capacity 31928K, committed 32432K, reserved 1077248K
  class space    used 3945K, capacity 4176K, committed 4272K, reserved 1048576K
}
Event: 7.259 GC heap before
{Heap before GC invocations=10 (full 1):
 PSYoungGen      total 223744K, used 62575K [0x00000000d6780000, 0x00000000e8000000, 0x0000000100000000)
  eden space 211968K, 23% used [0x00000000d6780000,0x00000000d992dda0,0x00000000e3680000)
  from space 11776K, 99% used [0x00000000e7480000,0x00000000e7fedf60,0x00000000e8000000)
  to   space 14336K, 0% used [0x00000000e6400000,0x00000000e6400000,0x00000000e7200000)
 ParOldGen       total 67584K, used 18076K [0x0000000083600000, 0x0000000087800000, 0x00000000d6780000)
  object space 67584K, 26% used [0x0000000083600000,0x00000000847a7268,0x0000000087800000)
 Metaspace       used 34581K, capacity 35140K, committed 35496K, reserved 1081344K
  class space    used 4382K, capacity 4562K, committed 4656K, reserved 1048576K
Event: 7.270 GC heap after
Heap after GC invocations=10 (full 1):
 PSYoungGen      total 272896K, used 11747K [0x00000000d6780000, 0x00000000ea480000, 0x0000000100000000)
  eden space 258560K, 0% used [0x00000000d6780000,0x00000000d6780000,0x00000000e6400000)
  from space 14336K, 81% used [0x00000000e6400000,0x00000000e6f78c10,0x00000000e7200000)
  to   space 14848K, 0% used [0x00000000e9600000,0x00000000e9600000,0x00000000ea480000)
 ParOldGen       total 67584K, used 18084K [0x0000000083600000, 0x0000000087800000, 0x00000000d6780000)
  object space 67584K, 26% used [0x0000000083600000,0x00000000847a9268,0x0000000087800000)
 Metaspace       used 34581K, capacity 35140K, committed 35496K, reserved 1081344K
  class space    used 4382K, capacity 4562K, committed 4656K, reserved 1048576K
}
Event: 7.270 GC heap before
{Heap before GC invocations=11 (full 2):
 PSYoungGen      total 272896K, used 11747K [0x00000000d6780000, 0x00000000ea480000, 0x0000000100000000)
  eden space 258560K, 0% used [0x00000000d6780000,0x00000000d6780000,0x00000000e6400000)
  from space 14336K, 81% used [0x00000000e6400000,0x00000000e6f78c10,0x00000000e7200000)
  to   space 14848K, 0% used [0x00000000e9600000,0x00000000e9600000,0x00000000ea480000)
 ParOldGen       total 67584K, used 18084K [0x0000000083600000, 0x0000000087800000, 0x00000000d6780000)
  object space 67584K, 26% used [0x0000000083600000,0x00000000847a9268,0x0000000087800000)
 Metaspace       used 34581K, capacity 35140K, committed 35496K, reserved 1081344K
  class space    used 4382K, capacity 4562K, committed 4656K, reserved 1048576K
Event: 7.346 GC heap after
Heap after GC invocations=11 (full 2):
 PSYoungGen      total 272896K, used 0K [0x00000000d6780000, 0x00000000ea480000, 0x0000000100000000)
  eden space 258560K, 0% used [0x00000000d6780000,0x00000000d6780000,0x00000000e6400000)
  from space 14336K, 0% used [0x00000000e6400000,0x00000000e6400000,0x00000000e7200000)
  to   space 14848K, 0% used [0x00000000e9600000,0x00000000e9600000,0x00000000ea480000)
 ParOldGen       total 102400K, used 25617K [0x0000000083600000, 0x0000000089a00000, 0x00000000d6780000)
  object space 102400K, 25% used [0x0000000083600000,0x0000000084f04688,0x0000000089a00000)
 Metaspace       used 34581K, capacity 35140K, committed 35496K, reserved 1081344K
  class space    used 4382K, capacity 4562K, committed 4656K, reserved 1048576K
}

