# JRE version: Java(TM) SE Runtime Environment (8.0_31-b13) (build 1.8.0_31-b13)
# Java VM: Java HotSpot(TM) 64-Bit Server VM (25.31-b07 mixed mode linux-amd64 compressed oops)
Heap:
 PSYoungGen      total 276992K, used 109864K [0x00000000d6780000, 0x00000000f5700000, 0x0000000100000000)
  eden space 262144K, 41% used [0x00000000d6780000,0x00000000dd2ca108,0x00000000e6780000)
  from space 14848K, 0% used [0x00000000e6780000,0x00000000e6780000,0x00000000e7600000)
  to   space 19456K, 0% used [0x00000000f4400000,0x00000000f4400000,0x00000000f5700000)
 ParOldGen       total 96768K, used 32589K [0x0000000083600000, 0x0000000089480000, 0x00000000d6780000)
  object space 96768K, 33% used [0x0000000083600000,0x00000000855d36d0,0x0000000089480000)
 Metaspace       used 41874K, capacity 42586K, committed 43008K, reserved 1087488K
  class space    used 5282K, capacity 5517K, committed 5632K, reserved 1048576K
GC Heap History (10 events):
Event: 4.944 GC heap before
{Heap before GC invocations=5 (full 0):
 PSYoungGen      total 136192K, used 136176K [0x00000000d6780000, 0x00000000df180000, 0x0000000100000000)
  eden space 131072K, 100% used [0x00000000d6780000,0x00000000de780000,0x00000000de780000)
  from space 5120K, 99% used [0x00000000dec80000,0x00000000df17c010,0x00000000df180000)
  to   space 5120K, 0% used [0x00000000de780000,0x00000000de780000,0x00000000dec80000)
 ParOldGen       total 86016K, used 11093K [0x0000000083600000, 0x0000000088a00000, 0x00000000d6780000)
  object space 86016K, 12% used [0x0000000083600000,0x00000000840d5508,0x0000000088a00000)
 Metaspace       used 20303K, capacity 20920K, committed 21248K, reserved 1067008K
  class space    used 2592K, capacity 2800K, committed 2816K, reserved 1048576K
Event: 4.959 GC heap after
Heap after GC invocations=5 (full 0):
 PSYoungGen      total 136192K, used 5104K [0x00000000d6780000, 0x00000000e8480000, 0x0000000100000000)
  eden space 131072K, 0% used [0x00000000d6780000,0x00000000d6780000,0x00000000de780000)
  from space 5120K, 99% used [0x00000000de780000,0x00000000dec7c030,0x00000000dec80000)
  to   space 14848K, 0% used [0x00000000e7600000,0x00000000e7600000,0x00000000e8480000)
 ParOldGen       total 86016K, used 19399K [0x0000000083600000, 0x0000000088a00000, 0x00000000d6780000)
  object space 86016K, 22% used [0x0000000083600000,0x00000000848f1d20,0x0000000088a00000)
 Metaspace       used 20303K, capacity 20920K, committed 21248K, reserved 1067008K
  class space    used 2592K, capacity 2800K, committed 2816K, reserved 1048576K
}
Event: 4.985 GC heap before
{Heap before GC invocations=6 (full 0):
 PSYoungGen      total 136192K, used 9094K [0x00000000d6780000, 0x00000000e8480000, 0x0000000100000000)
  eden space 131072K, 3% used [0x00000000d6780000,0x00000000d6b65af8,0x00000000de780000)
  from space 5120K, 99% used [0x00000000de780000,0x00000000dec7c030,0x00000000dec80000)
  to   space 14848K, 0% used [0x00000000e7600000,0x00000000e7600000,0x00000000e8480000)
 ParOldGen       total 86016K, used 19399K [0x0000000083600000, 0x0000000088a00000, 0x00000000d6780000)
  object space 86016K, 22% used [0x0000000083600000,0x00000000848f1d20,0x0000000088a00000)
 Metaspace       used 20585K, capacity 21112K, committed 21248K, reserved 1067008K
  class space    used 2630K, capacity 2800K, committed 2816K, reserved 1048576K
Event: 4.992 GC heap after
Heap after GC invocations=6 (full 0):
 PSYoungGen      total 276992K, used 5393K [0x00000000d6780000, 0x00000000e8480000, 0x0000000100000000)
  eden space 262144K, 0% used [0x00000000d6780000,0x00000000d6780000,0x00000000e6780000)
  from space 14848K, 36% used [0x00000000e7600000,0x00000000e7b44488,0x00000000e8480000)
  to   space 14848K, 0% used [0x00000000e6780000,0x00000000e6780000,0x00000000e7600000)
 ParOldGen       total 86016K, used 19399K [0x0000000083600000, 0x0000000088a00000, 0x00000000d6780000)
  object space 86016K, 22% used [0x0000000083600000,0x00000000848f1d20,0x0000000088a00000)
 Metaspace       used 20585K, capacity 21112K, committed 21248K, reserved 1067008K
  class space    used 2630K, capacity 2800K, committed 2816K, reserved 1048576K
}
Event: 4.992 GC heap before
{Heap before GC invocations=7 (full 1):
 PSYoungGen      total 276992K, used 5393K [0x00000000d6780000, 0x00000000e8480000, 0x0000000100000000)
  eden space 262144K, 0% used [0x00000000d6780000,0x00000000d6780000,0x00000000e6780000)
  from space 14848K, 36% used [0x00000000e7600000,0x00000000e7b44488,0x00000000e8480000)
  to   space 14848K, 0% used [0x00000000e6780000,0x00000000e6780000,0x00000000e7600000)
 ParOldGen       total 86016K, used 19399K [0x0000000083600000, 0x0000000088a00000, 0x00000000d6780000)
  object space 86016K, 22% used [0x0000000083600000,0x00000000848f1d20,0x0000000088a00000)
 Metaspace       used 20585K, capacity 21112K, committed 21248K, reserved 1067008K
  class space    used 2630K, capacity 2800K, committed 2816K, reserved 1048576K
Event: 5.054 GC heap after
Heap after GC invocations=7 (full 1):
 PSYoungGen      total 276992K, used 0K [0x00000000d6780000, 0x00000000e8480000, 0x0000000100000000)
  eden space 262144K, 0% used [0x00000000d6780000,0x00000000d6780000,0x00000000e6780000)
  from space 14848K, 0% used [0x00000000e7600000,0x00000000e7600000,0x00000000e8480000)
  to   space 14848K, 0% used [0x00000000e6780000,0x00000000e6780000,0x00000000e7600000)
 ParOldGen       total 62464K, used 14448K [0x0000000083600000, 0x0000000087300000, 0x00000000d6780000)
  object space 62464K, 23% used [0x0000000083600000,0x000000008441c268,0x0000000087300000)
 Metaspace       used 20585K, capacity 21112K, committed 21248K, reserved 1067008K
  class space    used 2630K, capacity 2800K, committed 2816K, reserved 1048576K
}
Event: 6.814 GC heap before
{Heap before GC invocations=8 (full 1):
 PSYoungGen      total 276992K, used 183893K [0x00000000d6780000, 0x00000000e8480000, 0x0000000100000000)
  eden space 262144K, 70% used [0x00000000d6780000,0x00000000e1b15640,0x00000000e6780000)
  from space 14848K, 0% used [0x00000000e7600000,0x00000000e7600000,0x00000000e8480000)
  to   space 14848K, 0% used [0x00000000e6780000,0x00000000e6780000,0x00000000e7600000)
 ParOldGen       total 62464K, used 14448K [0x0000000083600000, 0x0000000087300000, 0x00000000d6780000)
  object space 62464K, 23% used [0x0000000083600000,0x000000008441c268,0x0000000087300000)
 Metaspace       used 34585K, capacity 35172K, committed 35416K, reserved 1081344K
  class space    used 4390K, capacity 4594K, committed 4608K, reserved 1048576K
Event: 6.827 GC heap after
Heap after GC invocations=8 (full 1):
 PSYoungGen      total 276992K, used 14819K [0x00000000d6780000, 0x00000000f5700000, 0x0000000100000000)
  eden space 262144K, 0% used [0x00000000d6780000,0x00000000d6780000,0x00000000e6780000)
  from space 14848K, 99% used [0x00000000e6780000,0x00000000e75f8d20,0x00000000e7600000)
  to   space 19456K, 0% used [0x00000000f4400000,0x00000000f4400000,0x00000000f5700000)
 ParOldGen       total 62464K, used 18918K [0x0000000083600000, 0x0000000087300000, 0x00000000d6780000)
  object space 62464K, 30% used [0x0000000083600000,0x0000000084879828,0x0000000087300000)
 Metaspace       used 34585K, capacity 35172K, committed 35416K, reserved 1081344K
  class space    used 4390K, capacity 4594K, committed 4608K, reserved 1048576K
}
Event: 6.827 GC heap before
{Heap before GC invocations=9 (full 2):
 PSYoungGen      total 276992K, used 14819K [0x00000000d6780000, 0x00000000f5700000, 0x0000000100000000)
  eden space 262144K, 0% used [0x00000000d6780000,0x00000000d6780000,0x00000000e6780000)
  from space 14848K, 99% used [0x00000000e6780000,0x00000000e75f8d20,0x00000000e7600000)
  to   space 19456K, 0% used [0x00000000f4400000,0x00000000f4400000,0x00000000f5700000)
 ParOldGen       total 62464K, used 18918K [0x0000000083600000, 0x0000000087300000, 0x00000000d6780000)
  object space 62464K, 30% used [0x0000000083600000,0x0000000084879828,0x0000000087300000)
 Metaspace       used 34585K, capacity 35172K, committed 35416K, reserved 1081344K
  class space    used 4390K, capacity 4594K, committed 4608K, reserved 1048576K
Event: 6.922 GC heap after
Heap after GC invocations=9 (full 2):
 PSYoungGen      total 276992K, used 0K [0x00000000d6780000, 0x00000000f5700000, 0x0000000100000000)
  eden space 262144K, 0% used [0x00000000d6780000,0x00000000d6780000,0x00000000e6780000)
  from space 14848K, 0% used [0x00000000e6780000,0x00000000e6780000,0x00000000e7600000)
  to   space 19456K, 0% used [0x00000000f4400000,0x00000000f4400000,0x00000000f5700000)
 ParOldGen       total 96768K, used 32589K [0x0000000083600000, 0x0000000089480000, 0x00000000d6780000)
  object space 96768K, 33% used [0x0000000083600000,0x00000000855d36d0,0x0000000089480000)
 Metaspace       used 34585K, capacity 35172K, committed 35416K, reserved 1081344K
  class space    used 4390K, capacity 4594K, committed 4608K, reserved 1048576K
}

