# JRE version: Java(TM) SE Runtime Environment (8.0_31-b13) (build 1.8.0_31-b13)
# Java VM: Java HotSpot(TM) 64-Bit Server VM (25.31-b07 mixed mode linux-amd64 compressed oops)
Heap:
 PSYoungGen      total 275968K, used 113317K [0x00000000d6780000, 0x00000000f4400000, 0x0000000100000000)
  eden space 262144K, 43% used [0x00000000d6780000,0x00000000dd629760,0x00000000e6780000)
  from space 13824K, 0% used [0x00000000e6780000,0x00000000e6780000,0x00000000e7500000)
  to   space 18944K, 0% used [0x00000000f3180000,0x00000000f3180000,0x00000000f4400000)
 ParOldGen       total 102400K, used 32686K [0x0000000083600000, 0x0000000089a00000, 0x00000000d6780000)
  object space 102400K, 31% used [0x0000000083600000,0x00000000855eba40,0x0000000089a00000)
 Metaspace       used 41923K, capacity 42706K, committed 43008K, reserved 1087488K
  class space    used 5279K, capacity 5557K, committed 5632K, reserved 1048576K
GC Heap History (10 events):
Event: 5.654 GC heap before
{Heap before GC invocations=5 (full 0):
 PSYoungGen      total 136192K, used 136160K [0x00000000d6780000, 0x00000000df180000, 0x0000000100000000)
  eden space 131072K, 100% used [0x00000000d6780000,0x00000000de780000,0x00000000de780000)
  from space 5120K, 99% used [0x00000000dec80000,0x00000000df178020,0x00000000df180000)
  to   space 5120K, 0% used [0x00000000de780000,0x00000000de780000,0x00000000dec80000)
 ParOldGen       total 86016K, used 10090K [0x0000000083600000, 0x0000000088a00000, 0x00000000d6780000)
  object space 86016K, 11% used [0x0000000083600000,0x0000000083fda980,0x0000000088a00000)
 Metaspace       used 19927K, capacity 20448K, committed 20736K, reserved 1067008K
  class space    used 2528K, capacity 2732K, committed 2816K, reserved 1048576K
Event: 5.668 GC heap after
Heap after GC invocations=5 (full 0):
 PSYoungGen      total 136192K, used 5104K [0x00000000d6780000, 0x00000000e8380000, 0x0000000100000000)
  eden space 131072K, 0% used [0x00000000d6780000,0x00000000d6780000,0x00000000de780000)
  from space 5120K, 99% used [0x00000000de780000,0x00000000dec7c030,0x00000000dec80000)
  to   space 14336K, 0% used [0x00000000e7580000,0x00000000e7580000,0x00000000e8380000)
 ParOldGen       total 86016K, used 17672K [0x0000000083600000, 0x0000000088a00000, 0x00000000d6780000)
  object space 86016K, 20% used [0x0000000083600000,0x00000000847423a8,0x0000000088a00000)
 Metaspace       used 19927K, capacity 20448K, committed 20736K, reserved 1067008K
  class space    used 2528K, capacity 2732K, committed 2816K, reserved 1048576K
}
Event: 5.739 GC heap before
{Heap before GC invocations=6 (full 0):
 PSYoungGen      total 136192K, used 10163K [0x00000000d6780000, 0x00000000e8380000, 0x0000000100000000)
  eden space 131072K, 3% used [0x00000000d6780000,0x00000000d6c70fb0,0x00000000de780000)
  from space 5120K, 99% used [0x00000000de780000,0x00000000dec7c030,0x00000000dec80000)
  to   space 14336K, 0% used [0x00000000e7580000,0x00000000e7580000,0x00000000e8380000)
 ParOldGen       total 86016K, used 17672K [0x0000000083600000, 0x0000000088a00000, 0x00000000d6780000)
  object space 86016K, 20% used [0x0000000083600000,0x00000000847423a8,0x0000000088a00000)
 Metaspace       used 20533K, capacity 21080K, committed 21296K, reserved 1067008K
  class space    used 2619K, capacity 2832K, committed 2944K, reserved 1048576K
Event: 5.754 GC heap after
Heap after GC invocations=6 (full 0):
 PSYoungGen      total 275456K, used 5856K [0x00000000d6780000, 0x00000000e8280000, 0x0000000100000000)
  eden space 262144K, 0% used [0x00000000d6780000,0x00000000d6780000,0x00000000e6780000)
  from space 13312K, 43% used [0x00000000e7580000,0x00000000e7b38020,0x00000000e8280000)
  to   space 13824K, 0% used [0x00000000e6780000,0x00000000e6780000,0x00000000e7500000)
 ParOldGen       total 86016K, used 17672K [0x0000000083600000, 0x0000000088a00000, 0x00000000d6780000)
  object space 86016K, 20% used [0x0000000083600000,0x00000000847423a8,0x0000000088a00000)
 Metaspace       used 20533K, capacity 21080K, committed 21296K, reserved 1067008K
  class space    used 2619K, capacity 2832K, committed 2944K, reserved 1048576K
}
Event: 5.754 GC heap before
{Heap before GC invocations=7 (full 1):
 PSYoungGen      total 275456K, used 5856K [0x00000000d6780000, 0x00000000e8280000, 0x0000000100000000)
  eden space 262144K, 0% used [0x00000000d6780000,0x00000000d6780000,0x00000000e6780000)
  from space 13312K, 43% used [0x00000000e7580000,0x00000000e7b38020,0x00000000e8280000)
  to   space 13824K, 0% used [0x00000000e6780000,0x00000000e6780000,0x00000000e7500000)
 ParOldGen       total 86016K, used 17672K [0x0000000083600000, 0x0000000088a00000, 0x00000000d6780000)
  object space 86016K, 20% used [0x0000000083600000,0x00000000847423a8,0x0000000088a00000)
 Metaspace       used 20533K, capacity 21080K, committed 21296K, reserved 1067008K
  class space    used 2619K, capacity 2832K, committed 2944K, reserved 1048576K
Event: 5.848 GC heap after
Heap after GC invocations=7 (full 1):
 PSYoungGen      total 275456K, used 0K [0x00000000d6780000, 0x00000000e8280000, 0x0000000100000000)
  eden space 262144K, 0% used [0x00000000d6780000,0x00000000d6780000,0x00000000e6780000)
  from space 13312K, 0% used [0x00000000e7580000,0x00000000e7580000,0x00000000e8280000)
  to   space 13824K, 0% used [0x00000000e6780000,0x00000000e6780000,0x00000000e7500000)
 ParOldGen       total 67584K, used 18330K [0x0000000083600000, 0x0000000087800000, 0x00000000d6780000)
  object space 67584K, 27% used [0x0000000083600000,0x00000000847e68e8,0x0000000087800000)
 Metaspace       used 20533K, capacity 21080K, committed 21296K, reserved 1067008K
  class space    used 2619K, capacity 2832K, committed 2944K, reserved 1048576K
}
Event: 7.509 GC heap before
{Heap before GC invocations=8 (full 1):
 PSYoungGen      total 275456K, used 188170K [0x00000000d6780000, 0x00000000e8280000, 0x0000000100000000)
  eden space 262144K, 71% used [0x00000000d6780000,0x00000000e1f42ab0,0x00000000e6780000)
  from space 13312K, 0% used [0x00000000e7580000,0x00000000e7580000,0x00000000e8280000)
  to   space 13824K, 0% used [0x00000000e6780000,0x00000000e6780000,0x00000000e7500000)
 ParOldGen       total 67584K, used 18330K [0x0000000083600000, 0x0000000087800000, 0x00000000d6780000)
  object space 67584K, 27% used [0x0000000083600000,0x00000000847e68e8,0x0000000087800000)
 Metaspace       used 34596K, capacity 35256K, committed 35496K, reserved 1081344K
  class space    used 4384K, capacity 4598K, committed 4608K, reserved 1048576K
Event: 7.527 GC heap after
Heap after GC invocations=8 (full 1):
 PSYoungGen      total 275968K, used 13820K [0x00000000d6780000, 0x00000000f4400000, 0x0000000100000000)
  eden space 262144K, 0% used [0x00000000d6780000,0x00000000d6780000,0x00000000e6780000)
  from space 13824K, 99% used [0x00000000e6780000,0x00000000e74ff3f8,0x00000000e7500000)
  to   space 18944K, 0% used [0x00000000f3180000,0x00000000f3180000,0x00000000f4400000)
 ParOldGen       total 67584K, used 23818K [0x0000000083600000, 0x0000000087800000, 0x00000000d6780000)
  object space 67584K, 35% used [0x0000000083600000,0x0000000084d42a28,0x0000000087800000)
 Metaspace       used 34596K, capacity 35256K, committed 35496K, reserved 1081344K
  class space    used 4384K, capacity 4598K, committed 4608K, reserved 1048576K
}
Event: 7.527 GC heap before
{Heap before GC invocations=9 (full 2):
 PSYoungGen      total 275968K, used 13820K [0x00000000d6780000, 0x00000000f4400000, 0x0000000100000000)
  eden space 262144K, 0% used [0x00000000d6780000,0x00000000d6780000,0x00000000e6780000)
  from space 13824K, 99% used [0x00000000e6780000,0x00000000e74ff3f8,0x00000000e7500000)
  to   space 18944K, 0% used [0x00000000f3180000,0x00000000f3180000,0x00000000f4400000)
 ParOldGen       total 67584K, used 23818K [0x0000000083600000, 0x0000000087800000, 0x00000000d6780000)
  object space 67584K, 35% used [0x0000000083600000,0x0000000084d42a28,0x0000000087800000)
 Metaspace       used 34596K, capacity 35256K, committed 35496K, reserved 1081344K
  class space    used 4384K, capacity 4598K, committed 4608K, reserved 1048576K
Event: 7.631 GC heap after
Heap after GC invocations=9 (full 2):
 PSYoungGen      total 275968K, used 0K [0x00000000d6780000, 0x00000000f4400000, 0x0000000100000000)
  eden space 262144K, 0% used [0x00000000d6780000,0x00000000d6780000,0x00000000e6780000)
  from space 13824K, 0% used [0x00000000e6780000,0x00000000e6780000,0x00000000e7500000)
  to   space 18944K, 0% used [0x00000000f3180000,0x00000000f3180000,0x00000000f4400000)
 ParOldGen       total 102400K, used 32686K [0x0000000083600000, 0x0000000089a00000, 0x00000000d6780000)
  object space 102400K, 31% used [0x0000000083600000,0x00000000855eba40,0x0000000089a00000)
 Metaspace       used 34596K, capacity 35256K, committed 35496K, reserved 1081344K
  class space    used 4384K, capacity 4598K, committed 4608K, reserved 1048576K
}

