# JRE version: Java(TM) SE Runtime Environment (8.0_31-b13) (build 1.8.0_31-b13)
# Java VM: Java HotSpot(TM) 64-Bit Server VM (25.31-b07 mixed mode linux-amd64 compressed oops)
Heap:
 PSYoungGen      total 58368K, used 41682K [0x00000000d6780000, 0x00000000db680000, 0x0000000100000000)
  eden space 47616K, 75% used [0x00000000d6780000,0x00000000d8a96cc8,0x00000000d9600000)
  from space 10752K, 53% used [0x00000000d9600000,0x00000000d9b9db88,0x00000000da080000)
  to   space 10752K, 0% used [0x00000000dac00000,0x00000000dac00000,0x00000000db680000)
 ParOldGen       total 71168K, used 26988K [0x0000000083600000, 0x0000000087b80000, 0x00000000d6780000)
  object space 71168K, 37% used [0x0000000083600000,0x000000008505b038,0x0000000087b80000)
 Metaspace       used 45628K, capacity 46482K, committed 46680K, reserved 1089536K
  class space    used 5619K, capacity 5899K, committed 6016K, reserved 1048576K
GC Heap History (10 events):
Event: 253.209 GC heap before
{Heap before GC invocations=15 (full 1):
 PSYoungGen      total 54784K, used 54713K [0x00000000d6780000, 0x00000000dae00000, 0x0000000100000000)
  eden space 50688K, 100% used [0x00000000d6780000,0x00000000d9900000,0x00000000d9900000)
  from space 4096K, 98% used [0x00000000d9a80000,0x00000000d9e6e7b0,0x00000000d9e80000)
  to   space 10752K, 0% used [0x00000000da380000,0x00000000da380000,0x00000000dae00000)
 ParOldGen       total 53248K, used 17997K [0x0000000083600000, 0x0000000086a00000, 0x00000000d6780000)
  object space 53248K, 33% used [0x0000000083600000,0x0000000084793560,0x0000000086a00000)
 Metaspace       used 31257K, capacity 31932K, committed 32256K, reserved 1077248K
  class space    used 3849K, capacity 4089K, committed 4096K, reserved 1048576K
Event: 253.213 GC heap after
Heap after GC invocations=15 (full 1):
 PSYoungGen      total 57344K, used 4378K [0x00000000d6780000, 0x00000000dab80000, 0x0000000100000000)
  eden space 49152K, 0% used [0x00000000d6780000,0x00000000d6780000,0x00000000d9780000)
  from space 8192K, 53% used [0x00000000da380000,0x00000000da7c6a40,0x00000000dab80000)
  to   space 10240K, 0% used [0x00000000d9780000,0x00000000d9780000,0x00000000da180000)
 ParOldGen       total 53248K, used 18789K [0x0000000083600000, 0x0000000086a00000, 0x00000000d6780000)
  object space 53248K, 35% used [0x0000000083600000,0x0000000084859580,0x0000000086a00000)
 Metaspace       used 31257K, capacity 31932K, committed 32256K, reserved 1077248K
  class space    used 3849K, capacity 4089K, committed 4096K, reserved 1048576K
}
Event: 253.442 GC heap before
{Heap before GC invocations=16 (full 1):
 PSYoungGen      total 57344K, used 20944K [0x00000000d6780000, 0x00000000dab80000, 0x0000000100000000)
  eden space 49152K, 33% used [0x00000000d6780000,0x00000000d77ad7d8,0x00000000d9780000)
  from space 8192K, 53% used [0x00000000da380000,0x00000000da7c6a40,0x00000000dab80000)
  to   space 10240K, 0% used [0x00000000d9780000,0x00000000d9780000,0x00000000da180000)
 ParOldGen       total 53248K, used 18789K [0x0000000083600000, 0x0000000086a00000, 0x00000000d6780000)
  object space 53248K, 35% used [0x0000000083600000,0x0000000084859580,0x0000000086a00000)
 Metaspace       used 34489K, capacity 35196K, committed 35416K, reserved 1081344K
  class space    used 4239K, capacity 4473K, committed 4480K, reserved 1048576K
Event: 253.445 GC heap after
Heap after GC invocations=16 (full 1):
 PSYoungGen      total 51200K, used 2831K [0x00000000d6780000, 0x00000000daa80000, 0x0000000100000000)
  eden space 48128K, 0% used [0x00000000d6780000,0x00000000d6780000,0x00000000d9680000)
  from space 3072K, 92% used [0x00000000d9780000,0x00000000d9a43d18,0x00000000d9a80000)
  to   space 10240K, 0% used [0x00000000da080000,0x00000000da080000,0x00000000daa80000)
 ParOldGen       total 53248K, used 20271K [0x0000000083600000, 0x0000000086a00000, 0x00000000d6780000)
  object space 53248K, 38% used [0x0000000083600000,0x00000000849cbda0,0x0000000086a00000)
 Metaspace       used 34489K, capacity 35196K, committed 35416K, reserved 1081344K
  class space    used 4239K, capacity 4473K, committed 4480K, reserved 1048576K
}
Event: 253.445 GC heap before
{Heap before GC invocations=17 (full 2):
 PSYoungGen      total 51200K, used 2831K [0x00000000d6780000, 0x00000000daa80000, 0x0000000100000000)
  eden space 48128K, 0% used [0x00000000d6780000,0x00000000d6780000,0x00000000d9680000)
  from space 3072K, 92% used [0x00000000d9780000,0x00000000d9a43d18,0x00000000d9a80000)
  to   space 10240K, 0% used [0x00000000da080000,0x00000000da080000,0x00000000daa80000)
 ParOldGen       total 53248K, used 20271K [0x0000000083600000, 0x0000000086a00000, 0x00000000d6780000)
  object space 53248K, 38% used [0x0000000083600000,0x00000000849cbda0,0x0000000086a00000)
 Metaspace       used 34489K, capacity 35196K, committed 35416K, reserved 1081344K
  class space    used 4239K, capacity 4473K, committed 4480K, reserved 1048576K
Event: 253.575 GC heap after
Heap after GC invocations=17 (full 2):
 PSYoungGen      total 51200K, used 0K [0x00000000d6780000, 0x00000000daa80000, 0x0000000100000000)
  eden space 48128K, 0% used [0x00000000d6780000,0x00000000d6780000,0x00000000d9680000)
  from space 3072K, 0% used [0x00000000d9780000,0x00000000d9780000,0x00000000d9a80000)
  to   space 10240K, 0% used [0x00000000da080000,0x00000000da080000,0x00000000daa80000)
 ParOldGen       total 71168K, used 20824K [0x0000000083600000, 0x0000000087b80000, 0x00000000d6780000)
  object space 71168K, 29% used [0x0000000083600000,0x0000000084a562a0,0x0000000087b80000)
 Metaspace       used 34489K, capacity 35196K, committed 35416K, reserved 1081344K
  class space    used 4239K, capacity 4473K, committed 4480K, reserved 1048576K
}
Event: 254.185 GC heap before
{Heap before GC invocations=18 (full 2):
 PSYoungGen      total 51200K, used 48128K [0x00000000d6780000, 0x00000000daa80000, 0x0000000100000000)
  eden space 48128K, 100% used [0x00000000d6780000,0x00000000d9680000,0x00000000d9680000)
  from space 3072K, 0% used [0x00000000d9780000,0x00000000d9780000,0x00000000d9a80000)
  to   space 10240K, 0% used [0x00000000da080000,0x00000000da080000,0x00000000daa80000)
 ParOldGen       total 71168K, used 20824K [0x0000000083600000, 0x0000000087b80000, 0x00000000d6780000)
  object space 71168K, 29% used [0x0000000083600000,0x0000000084a562a0,0x0000000087b80000)
 Metaspace       used 38342K, capacity 39100K, committed 39384K, reserved 1083392K
  class space    used 4729K, capacity 5008K, committed 5120K, reserved 1048576K
Event: 254.190 GC heap after
Heap after GC invocations=18 (full 2):
 PSYoungGen      total 57856K, used 8227K [0x00000000d6780000, 0x00000000dbc00000, 0x0000000100000000)
  eden space 47616K, 0% used [0x00000000d6780000,0x00000000d6780000,0x00000000d9600000)
  from space 10240K, 80% used [0x00000000da080000,0x00000000da888f20,0x00000000daa80000)
  to   space 10752K, 0% used [0x00000000d9600000,0x00000000d9600000,0x00000000da080000)
 ParOldGen       total 71168K, used 20896K [0x0000000083600000, 0x0000000087b80000, 0x00000000d6780000)
  object space 71168K, 29% used [0x0000000083600000,0x0000000084a682b0,0x0000000087b80000)
 Metaspace       used 38342K, capacity 39100K, committed 39384K, reserved 1083392K
  class space    used 4729K, capacity 5008K, committed 5120K, reserved 1048576K
}
Event: 254.671 GC heap before
{Heap before GC invocations=19 (full 2):
 PSYoungGen      total 57856K, used 55843K [0x00000000d6780000, 0x00000000dbc00000, 0x0000000100000000)
  eden space 47616K, 100% used [0x00000000d6780000,0x00000000d9600000,0x00000000d9600000)
  from space 10240K, 80% used [0x00000000da080000,0x00000000da888f20,0x00000000daa80000)
  to   space 10752K, 0% used [0x00000000d9600000,0x00000000d9600000,0x00000000da080000)
 ParOldGen       total 71168K, used 20896K [0x0000000083600000, 0x0000000087b80000, 0x00000000d6780000)
  object space 71168K, 29% used [0x0000000083600000,0x0000000084a682b0,0x0000000087b80000)
 Metaspace       used 42684K, capacity 43528K, committed 43736K, reserved 1087488K
  class space    used 5254K, capacity 5576K, committed 5632K, reserved 1048576K
Event: 254.678 GC heap after
Heap after GC invocations=19 (full 2):
 PSYoungGen      total 58368K, used 5750K [0x00000000d6780000, 0x00000000db680000, 0x0000000100000000)
  eden space 47616K, 0% used [0x00000000d6780000,0x00000000d6780000,0x00000000d9600000)
  from space 10752K, 53% used [0x00000000d9600000,0x00000000d9b9db88,0x00000000da080000)
  to   space 10752K, 0% used [0x00000000dac00000,0x00000000dac00000,0x00000000db680000)
 ParOldGen       total 71168K, used 26988K [0x0000000083600000, 0x0000000087b80000, 0x00000000d6780000)
  object space 71168K, 37% used [0x0000000083600000,0x000000008505b038,0x0000000087b80000)
 Metaspace       used 42684K, capacity 43528K, committed 43736K, reserved 1087488K
  class space    used 5254K, capacity 5576K, committed 5632K, reserved 1048576K
}

