# JRE version: Java(TM) SE Runtime Environment (8.0_31-b13) (build 1.8.0_31-b13)
# Java VM: Java HotSpot(TM) 64-Bit Server VM (25.31-b07 mixed mode linux-amd64 compressed oops)
Heap:
 PSYoungGen      total 276480K, used 113141K [0x00000000d6780000, 0x00000000f4800000, 0x0000000100000000)
  eden space 262144K, 43% used [0x00000000d6780000,0x00000000dd5fd5b0,0x00000000e6780000)
  from space 14336K, 0% used [0x00000000e6780000,0x00000000e6780000,0x00000000e7580000)
  to   space 18944K, 0% used [0x00000000f3580000,0x00000000f3580000,0x00000000f4800000)
 ParOldGen       total 101376K, used 32574K [0x0000000083600000, 0x0000000089900000, 0x00000000d6780000)
  object space 101376K, 32% used [0x0000000083600000,0x00000000855cfbd8,0x0000000089900000)
 Metaspace       used 41949K, capacity 42706K, committed 43008K, reserved 1087488K
  class space    used 5280K, capacity 5557K, committed 5632K, reserved 1048576K
GC Heap History (10 events):
Event: 5.283 GC heap before
{Heap before GC invocations=5 (full 0):
 PSYoungGen      total 136192K, used 136192K [0x00000000d6780000, 0x00000000df180000, 0x0000000100000000)
  eden space 131072K, 100% used [0x00000000d6780000,0x00000000de780000,0x00000000de780000)
  from space 5120K, 100% used [0x00000000dec80000,0x00000000df180000,0x00000000df180000)
  to   space 5120K, 0% used [0x00000000de780000,0x00000000de780000,0x00000000dec80000)
 ParOldGen       total 86016K, used 10162K [0x0000000083600000, 0x0000000088a00000, 0x00000000d6780000)
  object space 86016K, 11% used [0x0000000083600000,0x0000000083fec810,0x0000000088a00000)
 Metaspace       used 19946K, capacity 20448K, committed 20736K, reserved 1067008K
  class space    used 2535K, capacity 2732K, committed 2816K, reserved 1048576K
Event: 5.300 GC heap after
Heap after GC invocations=5 (full 0):
 PSYoungGen      total 136192K, used 5114K [0x00000000d6780000, 0x00000000e8380000, 0x0000000100000000)
  eden space 131072K, 0% used [0x00000000d6780000,0x00000000d6780000,0x00000000de780000)
  from space 5120K, 99% used [0x00000000de780000,0x00000000dec7e940,0x00000000dec80000)
  to   space 14336K, 0% used [0x00000000e7580000,0x00000000e7580000,0x00000000e8380000)
 ParOldGen       total 86016K, used 18082K [0x0000000083600000, 0x0000000088a00000, 0x00000000d6780000)
  object space 86016K, 21% used [0x0000000083600000,0x00000000847a89d8,0x0000000088a00000)
 Metaspace       used 19946K, capacity 20448K, committed 20736K, reserved 1067008K
  class space    used 2535K, capacity 2732K, committed 2816K, reserved 1048576K
}
Event: 5.349 GC heap before
{Heap before GC invocations=6 (full 0):
 PSYoungGen      total 136192K, used 11547K [0x00000000d6780000, 0x00000000e8380000, 0x0000000100000000)
  eden space 131072K, 4% used [0x00000000d6780000,0x00000000d6dc8620,0x00000000de780000)
  from space 5120K, 99% used [0x00000000de780000,0x00000000dec7e940,0x00000000dec80000)
  to   space 14336K, 0% used [0x00000000e7580000,0x00000000e7580000,0x00000000e8380000)
 ParOldGen       total 86016K, used 18082K [0x0000000083600000, 0x0000000088a00000, 0x00000000d6780000)
  object space 86016K, 21% used [0x0000000083600000,0x00000000847a89d8,0x0000000088a00000)
 Metaspace       used 20599K, capacity 21112K, committed 21296K, reserved 1067008K
  class space    used 2628K, capacity 2864K, committed 2944K, reserved 1048576K
Event: 5.359 GC heap after
Heap after GC invocations=6 (full 0):
 PSYoungGen      total 276480K, used 5834K [0x00000000d6780000, 0x00000000e8380000, 0x0000000100000000)
  eden space 262144K, 0% used [0x00000000d6780000,0x00000000d6780000,0x00000000e6780000)
  from space 14336K, 40% used [0x00000000e7580000,0x00000000e7b32930,0x00000000e8380000)
  to   space 14336K, 0% used [0x00000000e6780000,0x00000000e6780000,0x00000000e7580000)
 ParOldGen       total 86016K, used 18090K [0x0000000083600000, 0x0000000088a00000, 0x00000000d6780000)
  object space 86016K, 21% used [0x0000000083600000,0x00000000847aa9d8,0x0000000088a00000)
 Metaspace       used 20599K, capacity 21112K, committed 21296K, reserved 1067008K
  class space    used 2628K, capacity 2864K, committed 2944K, reserved 1048576K
}
Event: 5.359 GC heap before
{Heap before GC invocations=7 (full 1):
 PSYoungGen      total 276480K, used 5834K [0x00000000d6780000, 0x00000000e8380000, 0x0000000100000000)
  eden space 262144K, 0% used [0x00000000d6780000,0x00000000d6780000,0x00000000e6780000)
  from space 14336K, 40% used [0x00000000e7580000,0x00000000e7b32930,0x00000000e8380000)
  to   space 14336K, 0% used [0x00000000e6780000,0x00000000e6780000,0x00000000e7580000)
 ParOldGen       total 86016K, used 18090K [0x0000000083600000, 0x0000000088a00000, 0x00000000d6780000)
  object space 86016K, 21% used [0x0000000083600000,0x00000000847aa9d8,0x0000000088a00000)
 Metaspace       used 20599K, capacity 21112K, committed 21296K, reserved 1067008K
  class space    used 2628K, capacity 2864K, committed 2944K, reserved 1048576K
Event: 5.430 GC heap after
Heap after GC invocations=7 (full 1):
 PSYoungGen      total 276480K, used 0K [0x00000000d6780000, 0x00000000e8380000, 0x0000000100000000)
  eden space 262144K, 0% used [0x00000000d6780000,0x00000000d6780000,0x00000000e6780000)
  from space 14336K, 0% used [0x00000000e7580000,0x00000000e7580000,0x00000000e8380000)
  to   space 14336K, 0% used [0x00000000e6780000,0x00000000e6780000,0x00000000e7580000)
 ParOldGen       total 64512K, used 14682K [0x0000000083600000, 0x0000000087500000, 0x00000000d6780000)
  object space 64512K, 22% used [0x0000000083600000,0x0000000084456a78,0x0000000087500000)
 Metaspace       used 20599K, capacity 21112K, committed 21296K, reserved 1067008K
  class space    used 2628K, capacity 2864K, committed 2944K, reserved 1048576K
}
Event: 7.016 GC heap before
{Heap before GC invocations=8 (full 1):
 PSYoungGen      total 276480K, used 188329K [0x00000000d6780000, 0x00000000e8380000, 0x0000000100000000)
  eden space 262144K, 71% used [0x00000000d6780000,0x00000000e1f6a548,0x00000000e6780000)
  from space 14336K, 0% used [0x00000000e7580000,0x00000000e7580000,0x00000000e8380000)
  to   space 14336K, 0% used [0x00000000e6780000,0x00000000e6780000,0x00000000e7580000)
 ParOldGen       total 64512K, used 14682K [0x0000000083600000, 0x0000000087500000, 0x00000000d6780000)
  object space 64512K, 22% used [0x0000000083600000,0x0000000084456a78,0x0000000087500000)
 Metaspace       used 34595K, capacity 35256K, committed 35496K, reserved 1081344K
  class space    used 4384K, capacity 4598K, committed 4608K, reserved 1048576K
Event: 7.028 GC heap after
Heap after GC invocations=8 (full 1):
 PSYoungGen      total 276480K, used 14307K [0x00000000d6780000, 0x00000000f4800000, 0x0000000100000000)
  eden space 262144K, 0% used [0x00000000d6780000,0x00000000d6780000,0x00000000e6780000)
  from space 14336K, 99% used [0x00000000e6780000,0x00000000e7578f98,0x00000000e7580000)
  to   space 18944K, 0% used [0x00000000f3580000,0x00000000f3580000,0x00000000f4800000)
 ParOldGen       total 64512K, used 19741K [0x0000000083600000, 0x0000000087500000, 0x00000000d6780000)
  object space 64512K, 30% used [0x0000000083600000,0x0000000084947688,0x0000000087500000)
 Metaspace       used 34595K, capacity 35256K, committed 35496K, reserved 1081344K
  class space    used 4384K, capacity 4598K, committed 4608K, reserved 1048576K
}
Event: 7.028 GC heap before
{Heap before GC invocations=9 (full 2):
 PSYoungGen      total 276480K, used 14307K [0x00000000d6780000, 0x00000000f4800000, 0x0000000100000000)
  eden space 262144K, 0% used [0x00000000d6780000,0x00000000d6780000,0x00000000e6780000)
  from space 14336K, 99% used [0x00000000e6780000,0x00000000e7578f98,0x00000000e7580000)
  to   space 18944K, 0% used [0x00000000f3580000,0x00000000f3580000,0x00000000f4800000)
 ParOldGen       total 64512K, used 19741K [0x0000000083600000, 0x0000000087500000, 0x00000000d6780000)
  object space 64512K, 30% used [0x0000000083600000,0x0000000084947688,0x0000000087500000)
 Metaspace       used 34595K, capacity 35256K, committed 35496K, reserved 1081344K
  class space    used 4384K, capacity 4598K, committed 4608K, reserved 1048576K
Event: 7.111 GC heap after
Heap after GC invocations=9 (full 2):
 PSYoungGen      total 276480K, used 0K [0x00000000d6780000, 0x00000000f4800000, 0x0000000100000000)
  eden space 262144K, 0% used [0x00000000d6780000,0x00000000d6780000,0x00000000e6780000)
  from space 14336K, 0% used [0x00000000e6780000,0x00000000e6780000,0x00000000e7580000)
  to   space 18944K, 0% used [0x00000000f3580000,0x00000000f3580000,0x00000000f4800000)
 ParOldGen       total 101376K, used 32574K [0x0000000083600000, 0x0000000089900000, 0x00000000d6780000)
  object space 101376K, 32% used [0x0000000083600000,0x00000000855cfbd8,0x0000000089900000)
 Metaspace       used 34595K, capacity 35256K, committed 35496K, reserved 1081344K
  class space    used 4384K, capacity 4598K, committed 4608K, reserved 1048576K
}

