# JRE version: Java(TM) SE Runtime Environment (8.0_31-b13) (build 1.8.0_31-b13)
# Java VM: Java HotSpot(TM) 64-Bit Server VM (25.31-b07 mixed mode linux-amd64 compressed oops)
Heap:
 PSYoungGen      total 266240K, used 120322K [0x00000000d6780000, 0x00000000e7b00000, 0x0000000100000000)
  eden space 253440K, 47% used [0x00000000d6780000,0x00000000ddd00958,0x00000000e5f00000)
  from space 12800K, 0% used [0x00000000e6400000,0x00000000e6400000,0x00000000e7080000)
  to   space 10752K, 0% used [0x00000000e7080000,0x00000000e7080000,0x00000000e7b00000)
 ParOldGen       total 110080K, used 27129K [0x0000000083600000, 0x000000008a180000, 0x00000000d6780000)
  object space 110080K, 24% used [0x0000000083600000,0x000000008507e788,0x000000008a180000)
 Metaspace       used 43587K, capacity 44344K, committed 44592K, reserved 1087488K
  class space    used 5669K, capacity 5934K, committed 5936K, reserved 1048576K
GC Heap History (10 events):
Event: 2.399 GC heap before
{Heap before GC invocations=7 (full 0):
 PSYoungGen      total 141312K, used 79608K [0x00000000d6780000, 0x00000000dfb80000, 0x0000000100000000)
  eden space 131072K, 54% used [0x00000000d6780000,0x00000000dadcc040,0x00000000de780000)
  from space 10240K, 74% used [0x00000000df180000,0x00000000df8f2280,0x00000000dfb80000)
  to   space 10240K, 0% used [0x00000000de780000,0x00000000de780000,0x00000000df180000)
 ParOldGen       total 86016K, used 10400K [0x0000000083600000, 0x0000000088a00000, 0x00000000d6780000)
  object space 86016K, 12% used [0x0000000083600000,0x00000000840283f0,0x0000000088a00000)
 Metaspace       used 20568K, capacity 21142K, committed 21296K, reserved 1067008K
  class space    used 2622K, capacity 2833K, committed 2864K, reserved 1048576K
Event: 2.414 GC heap after
Heap after GC invocations=7 (full 0):
 PSYoungGen      total 141312K, used 10232K [0x00000000d6780000, 0x00000000e8080000, 0x0000000100000000)
  eden space 131072K, 0% used [0x00000000d6780000,0x00000000d6780000,0x00000000de780000)
  from space 10240K, 99% used [0x00000000de780000,0x00000000df17e178,0x00000000df180000)
  to   space 12800K, 0% used [0x00000000e7400000,0x00000000e7400000,0x00000000e8080000)
 ParOldGen       total 86016K, used 13819K [0x0000000083600000, 0x0000000088a00000, 0x00000000d6780000)
  object space 86016K, 16% used [0x0000000083600000,0x000000008437ef60,0x0000000088a00000)
 Metaspace       used 20568K, capacity 21142K, committed 21296K, reserved 1067008K
  class space    used 2622K, capacity 2833K, committed 2864K, reserved 1048576K
}
Event: 2.414 GC heap before
{Heap before GC invocations=8 (full 1):
 PSYoungGen      total 141312K, used 10232K [0x00000000d6780000, 0x00000000e8080000, 0x0000000100000000)
  eden space 131072K, 0% used [0x00000000d6780000,0x00000000d6780000,0x00000000de780000)
  from space 10240K, 99% used [0x00000000de780000,0x00000000df17e178,0x00000000df180000)
  to   space 12800K, 0% used [0x00000000e7400000,0x00000000e7400000,0x00000000e8080000)
 ParOldGen       total 86016K, used 13819K [0x0000000083600000, 0x0000000088a00000, 0x00000000d6780000)
  object space 86016K, 16% used [0x0000000083600000,0x000000008437ef60,0x0000000088a00000)
 Metaspace       used 20568K, capacity 21142K, committed 21296K, reserved 1067008K
  class space    used 2622K, capacity 2833K, committed 2864K, reserved 1048576K
Event: 2.471 GC heap after
Heap after GC invocations=8 (full 1):
 PSYoungGen      total 141312K, used 0K [0x00000000d6780000, 0x00000000e8080000, 0x0000000100000000)
  eden space 131072K, 0% used [0x00000000d6780000,0x00000000d6780000,0x00000000de780000)
  from space 10240K, 0% used [0x00000000de780000,0x00000000de780000,0x00000000df180000)
  to   space 12800K, 0% used [0x00000000e7400000,0x00000000e7400000,0x00000000e8080000)
 ParOldGen       total 72192K, used 19689K [0x0000000083600000, 0x0000000087c80000, 0x00000000d6780000)
  object space 72192K, 27% used [0x0000000083600000,0x000000008493a510,0x0000000087c80000)
 Metaspace       used 20568K, capacity 21142K, committed 21296K, reserved 1067008K
  class space    used 2622K, capacity 2833K, committed 2864K, reserved 1048576K
}
Event: 3.464 GC heap before
{Heap before GC invocations=9 (full 1):
 PSYoungGen      total 141312K, used 131072K [0x00000000d6780000, 0x00000000e8080000, 0x0000000100000000)
  eden space 131072K, 100% used [0x00000000d6780000,0x00000000de780000,0x00000000de780000)
  from space 10240K, 0% used [0x00000000de780000,0x00000000de780000,0x00000000df180000)
  to   space 12800K, 0% used [0x00000000e7400000,0x00000000e7400000,0x00000000e8080000)
 ParOldGen       total 72192K, used 19689K [0x0000000083600000, 0x0000000087c80000, 0x00000000d6780000)
  object space 72192K, 27% used [0x0000000083600000,0x000000008493a510,0x0000000087c80000)
 Metaspace       used 27713K, capacity 28356K, committed 28720K, reserved 1075200K
  class space    used 3557K, capacity 3774K, committed 3888K, reserved 1048576K
Event: 3.474 GC heap after
Heap after GC invocations=9 (full 1):
 PSYoungGen      total 206848K, used 9146K [0x00000000d6780000, 0x00000000e7d00000, 0x0000000100000000)
  eden space 197632K, 0% used [0x00000000d6780000,0x00000000d6780000,0x00000000e2880000)
  from space 9216K, 99% used [0x00000000e7400000,0x00000000e7ceea68,0x00000000e7d00000)
  to   space 12800K, 0% used [0x00000000e6400000,0x00000000e6400000,0x00000000e7080000)
 ParOldGen       total 72192K, used 19697K [0x0000000083600000, 0x0000000087c80000, 0x00000000d6780000)
  object space 72192K, 27% used [0x0000000083600000,0x000000008493c510,0x0000000087c80000)
 Metaspace       used 27713K, capacity 28356K, committed 28720K, reserved 1075200K
  class space    used 3557K, capacity 3774K, committed 3888K, reserved 1048576K
}
Event: 4.157 GC heap before
{Heap before GC invocations=10 (full 1):
 PSYoungGen      total 206848K, used 75131K [0x00000000d6780000, 0x00000000e7d00000, 0x0000000100000000)
  eden space 197632K, 33% used [0x00000000d6780000,0x00000000da7f0388,0x00000000e2880000)
  from space 9216K, 99% used [0x00000000e7400000,0x00000000e7ceea68,0x00000000e7d00000)
  to   space 12800K, 0% used [0x00000000e6400000,0x00000000e6400000,0x00000000e7080000)
 ParOldGen       total 72192K, used 19697K [0x0000000083600000, 0x0000000087c80000, 0x00000000d6780000)
  object space 72192K, 27% used [0x0000000083600000,0x000000008493c510,0x0000000087c80000)
 Metaspace       used 34586K, capacity 35234K, committed 35496K, reserved 1081344K
  class space    used 4383K, capacity 4595K, committed 4656K, reserved 1048576K
Event: 4.164 GC heap after
Heap after GC invocations=10 (full 1):
 PSYoungGen      total 266240K, used 12799K [0x00000000d6780000, 0x00000000e7b00000, 0x0000000100000000)
  eden space 253440K, 0% used [0x00000000d6780000,0x00000000d6780000,0x00000000e5f00000)
  from space 12800K, 99% used [0x00000000e6400000,0x00000000e707fcc8,0x00000000e7080000)
  to   space 10752K, 0% used [0x00000000e7080000,0x00000000e7080000,0x00000000e7b00000)
 ParOldGen       total 72192K, used 20281K [0x0000000083600000, 0x0000000087c80000, 0x00000000d6780000)
  object space 72192K, 28% used [0x0000000083600000,0x00000000849ce7a0,0x0000000087c80000)
 Metaspace       used 34586K, capacity 35234K, committed 35496K, reserved 1081344K
  class space    used 4383K, capacity 4595K, committed 4656K, reserved 1048576K
}
Event: 4.164 GC heap before
{Heap before GC invocations=11 (full 2):
 PSYoungGen      total 266240K, used 12799K [0x00000000d6780000, 0x00000000e7b00000, 0x0000000100000000)
  eden space 253440K, 0% used [0x00000000d6780000,0x00000000d6780000,0x00000000e5f00000)
  from space 12800K, 99% used [0x00000000e6400000,0x00000000e707fcc8,0x00000000e7080000)
  to   space 10752K, 0% used [0x00000000e7080000,0x00000000e7080000,0x00000000e7b00000)
 ParOldGen       total 72192K, used 20281K [0x0000000083600000, 0x0000000087c80000, 0x00000000d6780000)
  object space 72192K, 28% used [0x0000000083600000,0x00000000849ce7a0,0x0000000087c80000)
 Metaspace       used 34586K, capacity 35234K, committed 35496K, reserved 1081344K
  class space    used 4383K, capacity 4595K, committed 4656K, reserved 1048576K
Event: 4.242 GC heap after
Heap after GC invocations=11 (full 2):
 PSYoungGen      total 266240K, used 0K [0x00000000d6780000, 0x00000000e7b00000, 0x0000000100000000)
  eden space 253440K, 0% used [0x00000000d6780000,0x00000000d6780000,0x00000000e5f00000)
  from space 12800K, 0% used [0x00000000e6400000,0x00000000e6400000,0x00000000e7080000)
  to   space 10752K, 0% used [0x00000000e7080000,0x00000000e7080000,0x00000000e7b00000)
 ParOldGen       total 110080K, used 27129K [0x0000000083600000, 0x000000008a180000, 0x00000000d6780000)
  object space 110080K, 24% used [0x0000000083600000,0x000000008507e788,0x000000008a180000)
 Metaspace       used 34586K, capacity 35234K, committed 35496K, reserved 1081344K
  class space    used 4383K, capacity 4595K, committed 4656K, reserved 1048576K
}

