# JRE version: Java(TM) SE Runtime Environment (8.0_31-b13) (build 1.8.0_31-b13)
# Java VM: Java HotSpot(TM) 64-Bit Server VM (25.31-b07 mixed mode linux-amd64 compressed oops)
Heap:
 PSYoungGen      total 271872K, used 120227K [0x00000000d6780000, 0x00000000e8200000, 0x0000000100000000)
  eden space 258560K, 46% used [0x00000000d6780000,0x00000000ddce8ce8,0x00000000e6400000)
  from space 13312K, 0% used [0x00000000e6400000,0x00000000e6400000,0x00000000e7100000)
  to   space 14336K, 0% used [0x00000000e7400000,0x00000000e7400000,0x00000000e8200000)
 ParOldGen       total 101376K, used 27009K [0x0000000083600000, 0x0000000089900000, 0x00000000d6780000)
  object space 101376K, 26% used [0x0000000083600000,0x00000000850607b0,0x0000000089900000)
 Metaspace       used 43723K, capacity 44352K, committed 44592K, reserved 1087488K
  class space    used 5699K, capacity 5934K, committed 5936K, reserved 1048576K
GC Heap History (10 events):
Event: 5.693 GC heap before
{Heap before GC invocations=7 (full 0):
 PSYoungGen      total 140800K, used 79408K [0x00000000d6780000, 0x00000000dfb80000, 0x0000000100000000)
  eden space 131072K, 54% used [0x00000000d6780000,0x00000000dadac170,0x00000000de780000)
  from space 9728K, 77% used [0x00000000df200000,0x00000000df960000,0x00000000dfb80000)
  to   space 10240K, 0% used [0x00000000de780000,0x00000000de780000,0x00000000df180000)
 ParOldGen       total 86016K, used 10879K [0x0000000083600000, 0x0000000088a00000, 0x00000000d6780000)
  object space 86016K, 12% used [0x0000000083600000,0x000000008409fd28,0x0000000088a00000)
 Metaspace       used 20646K, capacity 21150K, committed 21296K, reserved 1067008K
  class space    used 2645K, capacity 2833K, committed 2864K, reserved 1048576K
Event: 5.710 GC heap after
Heap after GC invocations=7 (full 0):
 PSYoungGen      total 141312K, used 10215K [0x00000000d6780000, 0x00000000e8180000, 0x0000000100000000)
  eden space 131072K, 0% used [0x00000000d6780000,0x00000000d6780000,0x00000000de780000)
  from space 10240K, 99% used [0x00000000de780000,0x00000000df179ec8,0x00000000df180000)
  to   space 13312K, 0% used [0x00000000e7480000,0x00000000e7480000,0x00000000e8180000)
 ParOldGen       total 86016K, used 14623K [0x0000000083600000, 0x0000000088a00000, 0x00000000d6780000)
  object space 86016K, 17% used [0x0000000083600000,0x0000000084447d58,0x0000000088a00000)
 Metaspace       used 20646K, capacity 21150K, committed 21296K, reserved 1067008K
  class space    used 2645K, capacity 2833K, committed 2864K, reserved 1048576K
}
Event: 5.710 GC heap before
{Heap before GC invocations=8 (full 1):
 PSYoungGen      total 141312K, used 10215K [0x00000000d6780000, 0x00000000e8180000, 0x0000000100000000)
  eden space 131072K, 0% used [0x00000000d6780000,0x00000000d6780000,0x00000000de780000)
  from space 10240K, 99% used [0x00000000de780000,0x00000000df179ec8,0x00000000df180000)
  to   space 13312K, 0% used [0x00000000e7480000,0x00000000e7480000,0x00000000e8180000)
 ParOldGen       total 86016K, used 14623K [0x0000000083600000, 0x0000000088a00000, 0x00000000d6780000)
  object space 86016K, 17% used [0x0000000083600000,0x0000000084447d58,0x0000000088a00000)
 Metaspace       used 20646K, capacity 21150K, committed 21296K, reserved 1067008K
  class space    used 2645K, capacity 2833K, committed 2864K, reserved 1048576K
Event: 5.790 GC heap after
Heap after GC invocations=8 (full 1):
 PSYoungGen      total 141312K, used 0K [0x00000000d6780000, 0x00000000e8180000, 0x0000000100000000)
  eden space 131072K, 0% used [0x00000000d6780000,0x00000000d6780000,0x00000000de780000)
  from space 10240K, 0% used [0x00000000de780000,0x00000000de780000,0x00000000df180000)
  to   space 13312K, 0% used [0x00000000e7480000,0x00000000e7480000,0x00000000e8180000)
 ParOldGen       total 70656K, used 18252K [0x0000000083600000, 0x0000000087b00000, 0x00000000d6780000)
  object space 70656K, 25% used [0x0000000083600000,0x00000000847d3000,0x0000000087b00000)
 Metaspace       used 20646K, capacity 21150K, committed 21296K, reserved 1067008K
  class space    used 2645K, capacity 2833K, committed 2864K, reserved 1048576K
}
Event: 6.771 GC heap before
{Heap before GC invocations=9 (full 1):
 PSYoungGen      total 141312K, used 131072K [0x00000000d6780000, 0x00000000e8180000, 0x0000000100000000)
  eden space 131072K, 100% used [0x00000000d6780000,0x00000000de780000,0x00000000de780000)
  from space 10240K, 0% used [0x00000000de780000,0x00000000de780000,0x00000000df180000)
  to   space 13312K, 0% used [0x00000000e7480000,0x00000000e7480000,0x00000000e8180000)
 ParOldGen       total 70656K, used 18252K [0x0000000083600000, 0x0000000087b00000, 0x00000000d6780000)
  object space 70656K, 25% used [0x0000000083600000,0x00000000847d3000,0x0000000087b00000)
 Metaspace       used 27921K, capacity 28428K, committed 28720K, reserved 1075200K
  class space    used 3592K, capacity 3774K, committed 3888K, reserved 1048576K
Event: 6.778 GC heap after
Heap after GC invocations=9 (full 1):
 PSYoungGen      total 211968K, used 9275K [0x00000000d6780000, 0x00000000e7e00000, 0x0000000100000000)
  eden space 202240K, 0% used [0x00000000d6780000,0x00000000d6780000,0x00000000e2d00000)
  from space 9728K, 95% used [0x00000000e7480000,0x00000000e7d8ed80,0x00000000e7e00000)
  to   space 13312K, 0% used [0x00000000e6400000,0x00000000e6400000,0x00000000e7100000)
 ParOldGen       total 70656K, used 18260K [0x0000000083600000, 0x0000000087b00000, 0x00000000d6780000)
  object space 70656K, 25% used [0x0000000083600000,0x00000000847d5000,0x0000000087b00000)
 Metaspace       used 27921K, capacity 28428K, committed 28720K, reserved 1075200K
  class space    used 3592K, capacity 3774K, committed 3888K, reserved 1048576K
}
Event: 13.100 GC heap before
{Heap before GC invocations=10 (full 1):
 PSYoungGen      total 211968K, used 77101K [0x00000000d6780000, 0x00000000e7e00000, 0x0000000100000000)
  eden space 202240K, 33% used [0x00000000d6780000,0x00000000da9bc950,0x00000000e2d00000)
  from space 9728K, 95% used [0x00000000e7480000,0x00000000e7d8ed80,0x00000000e7e00000)
  to   space 13312K, 0% used [0x00000000e6400000,0x00000000e6400000,0x00000000e7100000)
 ParOldGen       total 70656K, used 18260K [0x0000000083600000, 0x0000000087b00000, 0x00000000d6780000)
  object space 70656K, 25% used [0x0000000083600000,0x00000000847d5000,0x0000000087b00000)
 Metaspace       used 34654K, capacity 35242K, committed 35496K, reserved 1081344K
  class space    used 4408K, capacity 4595K, committed 4656K, reserved 1048576K
Event: 13.109 GC heap after
Heap after GC invocations=10 (full 1):
 PSYoungGen      total 271872K, used 13184K [0x00000000d6780000, 0x00000000e8200000, 0x0000000100000000)
  eden space 258560K, 0% used [0x00000000d6780000,0x00000000d6780000,0x00000000e6400000)
  from space 13312K, 99% used [0x00000000e6400000,0x00000000e70e0238,0x00000000e7100000)
  to   space 14336K, 0% used [0x00000000e7400000,0x00000000e7400000,0x00000000e8200000)
 ParOldGen       total 70656K, used 18332K [0x0000000083600000, 0x0000000087b00000, 0x00000000d6780000)
  object space 70656K, 25% used [0x0000000083600000,0x00000000847e7010,0x0000000087b00000)
 Metaspace       used 34654K, capacity 35242K, committed 35496K, reserved 1081344K
  class space    used 4408K, capacity 4595K, committed 4656K, reserved 1048576K
}
Event: 13.109 GC heap before
{Heap before GC invocations=11 (full 2):
 PSYoungGen      total 271872K, used 13184K [0x00000000d6780000, 0x00000000e8200000, 0x0000000100000000)
  eden space 258560K, 0% used [0x00000000d6780000,0x00000000d6780000,0x00000000e6400000)
  from space 13312K, 99% used [0x00000000e6400000,0x00000000e70e0238,0x00000000e7100000)
  to   space 14336K, 0% used [0x00000000e7400000,0x00000000e7400000,0x00000000e8200000)
 ParOldGen       total 70656K, used 18332K [0x0000000083600000, 0x0000000087b00000, 0x00000000d6780000)
  object space 70656K, 25% used [0x0000000083600000,0x00000000847e7010,0x0000000087b00000)
 Metaspace       used 34654K, capacity 35242K, committed 35496K, reserved 1081344K
  class space    used 4408K, capacity 4595K, committed 4656K, reserved 1048576K
Event: 13.172 GC heap after
Heap after GC invocations=11 (full 2):
 PSYoungGen      total 271872K, used 0K [0x00000000d6780000, 0x00000000e8200000, 0x0000000100000000)
  eden space 258560K, 0% used [0x00000000d6780000,0x00000000d6780000,0x00000000e6400000)
  from space 13312K, 0% used [0x00000000e6400000,0x00000000e6400000,0x00000000e7100000)
  to   space 14336K, 0% used [0x00000000e7400000,0x00000000e7400000,0x00000000e8200000)
 ParOldGen       total 101376K, used 27009K [0x0000000083600000, 0x0000000089900000, 0x00000000d6780000)
  object space 101376K, 26% used [0x0000000083600000,0x00000000850607b0,0x0000000089900000)
 Metaspace       used 34654K, capacity 35242K, committed 35496K, reserved 1081344K
  class space    used 4408K, capacity 4595K, committed 4656K, reserved 1048576K
}

